[${project.name}][${env:SERVER_PORT}] 2025-06-24 05:44:54,060 INFO
            [main][:] - using logger: org.apache.dubbo.common.logger.slf4j.Slf4jLoggerAdapter
[${project.name}][${env:SERVER_PORT}] 2025-06-24 05:44:54,069 INFO
            [main][WelcomeLogoApplicationListener.java:63] - 

 :: Dubbo Spring Boot (v2.7.1) : https://github.com/apache/incubator-dubbo-spring-boot-project
 :: Dubbo (v2.7.3) : https://github.com/apache/incubator-dubbo
 :: Discuss group : dev@dubbo.apache.org

[${project.name}][${env:SERVER_PORT}] 2025-06-24 05:44:54,074 INFO
            [main][OverrideDubboConfigApplicationListener.java:68] - Dubbo Config was overridden by externalized configuration {dubbo.application.name=merchant-application, dubbo.application.qos-enable=false, dubbo.application.qos.port=22310, dubbo.config.multiple=true, dubbo.consumer.check=false, dubbo.consumer.retries=-1, dubbo.consumer.timeout=3000, dubbo.protocol.name=dubbo, dubbo.protocol.port=20891, dubbo.registry.address=nacos://127.0.0.1:8848, dubbo.scan.base‐packages=com.huiminpay}
[${project.name}][${env:SERVER_PORT}] 2025-06-24 05:44:54,329 INFO
            [main][PostProcessorRegistrationDelegate.java:330] - Bean 'org.springframework.cloud.autoconfigure.ConfigurationPropertiesRebinderAutoConfiguration' of type [org.springframework.cloud.autoconfigure.ConfigurationPropertiesRebinderAutoConfiguration$$EnhancerBySpringCGLIB$$809efe90] is not eligible for getting processed by all BeanPostProcessors (for example: not eligible for auto-proxying)
[${project.name}][${env:SERVER_PORT}] 2025-06-24 05:44:54,385 INFO
            [pool-3-thread-1][AwaitingNonWebApplicationListener.java:140] -  [Dubbo] Current Spring Boot Application is await...
[${project.name}][${env:SERVER_PORT}] 2025-06-24 05:44:56,385 INFO
            [main][OverrideDubboConfigApplicationListener.java:68] - Dubbo Config was overridden by externalized configuration {dubbo.application.name=merchant-application, dubbo.application.qos-enable=false, dubbo.application.qos.port=22310, dubbo.config.multiple=true, dubbo.consumer.check=false, dubbo.consumer.retries=-1, dubbo.consumer.timeout=3000, dubbo.protocol.name=dubbo, dubbo.protocol.port=20891, dubbo.registry.address=nacos://127.0.0.1:8848, dubbo.scan.base‐packages=com.huiminpay}
[${project.name}][${env:SERVER_PORT}] 2025-06-24 05:44:56,475 INFO
            [main][NacosPropertySourceBuilder.java:87] - Loading nacos data, dataId: 'spring-boot-http.yaml', group: 'COMMON_GROUP'
[${project.name}][${env:SERVER_PORT}] 2025-06-24 05:44:56,486 INFO
            [main][NacosPropertySourceBuilder.java:87] - Loading nacos data, dataId: 'merchant-application.yaml', group: 'HUIMINPAY_GROUP'
[${project.name}][${env:SERVER_PORT}] 2025-06-24 05:44:56,488 INFO
            [main][PropertySourceBootstrapConfiguration.java:98] - Located property source: CompositePropertySource {name='NACOS', propertySources=[NacosPropertySource@1663488386 {name='merchant-application.yaml', properties={oss.aliyun.bucket=huimin-qianba, oss.aliyun.domain=https://huimin-qianba.oss-cn-beijing.aliyuncs.com/, sms.url=http://localhost:56085/sailing, oss.aliyun.accessKeyId=LTAI5t7dSDTZxJr4tnK1nHGF, swagger.enable=true, server.servlet.context-path=/merchant, sms.effectiveTime=600, oss.aliyun.endpoint=oss-cn-beijing.aliyuncs.com, oss.aliyun.accessKeySecret=kbcSY5tn7pmQ881EsFQgQMereRVrKr}}, NacosPropertySource@1380044647 {name='spring-boot-http.yaml', properties={management.endpoints.web.exposure.include=refresh,health,info,env, http.encoding.enabled=true, http.messages.encoding=UTF‐8, server.use‐forward-headers=true, server.servlet.context-path=/, http.encoding.charset=UTF‐8, server.tomcat.protocol_header=x‐forwarded‐proto, server.tomcat.remote_ip_header=x‐forwarded‐for, http.encoding.force=true}}]}
[${project.name}][${env:SERVER_PORT}] 2025-06-24 05:44:56,510 INFO
            [main][SpringApplication.java:675] - No active profile set, falling back to default profiles: default
[${project.name}][${env:SERVER_PORT}] 2025-06-24 05:44:57,182 WARN
            [main][EndpointId.java:135] - Endpoint ID 'nacos-config' contains invalid characters, please migrate to a valid format.
[${project.name}][${env:SERVER_PORT}] 2025-06-24 05:44:57,185 WARN
            [main][EndpointId.java:135] - Endpoint ID 'nacos-discovery' contains invalid characters, please migrate to a valid format.
[${project.name}][${env:SERVER_PORT}] 2025-06-24 05:44:57,191 DEBUG
            [main][DubboConfigBindingRegistrar.java:96] - There is no property for binding to dubbo config class [org.apache.dubbo.config.ApplicationConfig] within prefix [dubbo.applications]
[${project.name}][${env:SERVER_PORT}] 2025-06-24 05:44:57,191 DEBUG
            [main][DubboConfigBindingRegistrar.java:96] - There is no property for binding to dubbo config class [org.apache.dubbo.config.ModuleConfig] within prefix [dubbo.modules]
[${project.name}][${env:SERVER_PORT}] 2025-06-24 05:44:57,192 DEBUG
            [main][DubboConfigBindingRegistrar.java:96] - There is no property for binding to dubbo config class [org.apache.dubbo.config.RegistryConfig] within prefix [dubbo.registries]
[${project.name}][${env:SERVER_PORT}] 2025-06-24 05:44:57,192 DEBUG
            [main][DubboConfigBindingRegistrar.java:96] - There is no property for binding to dubbo config class [org.apache.dubbo.config.ProtocolConfig] within prefix [dubbo.protocols]
[${project.name}][${env:SERVER_PORT}] 2025-06-24 05:44:57,192 DEBUG
            [main][DubboConfigBindingRegistrar.java:96] - There is no property for binding to dubbo config class [org.apache.dubbo.config.MonitorConfig] within prefix [dubbo.monitors]
[${project.name}][${env:SERVER_PORT}] 2025-06-24 05:44:57,192 DEBUG
            [main][DubboConfigBindingRegistrar.java:96] - There is no property for binding to dubbo config class [org.apache.dubbo.config.ProviderConfig] within prefix [dubbo.providers]
[${project.name}][${env:SERVER_PORT}] 2025-06-24 05:44:57,192 DEBUG
            [main][DubboConfigBindingRegistrar.java:96] - There is no property for binding to dubbo config class [org.apache.dubbo.config.ConsumerConfig] within prefix [dubbo.consumers]
[${project.name}][${env:SERVER_PORT}] 2025-06-24 05:44:57,193 DEBUG
            [main][DubboConfigBindingRegistrar.java:96] - There is no property for binding to dubbo config class [org.apache.dubbo.config.spring.ConfigCenterBean] within prefix [dubbo.config-centers]
[${project.name}][${env:SERVER_PORT}] 2025-06-24 05:44:57,193 DEBUG
            [main][DubboConfigBindingRegistrar.java:96] - There is no property for binding to dubbo config class [org.apache.dubbo.config.MetadataReportConfig] within prefix [dubbo.metadata-reports]
[${project.name}][${env:SERVER_PORT}] 2025-06-24 05:44:57,193 INFO
            [main][DubboConfigBindingRegistrar.java:127] - The dubbo config bean definition [name : org.apache.dubbo.config.ApplicationConfig#0, class : org.apache.dubbo.config.ApplicationConfig] has been registered.
[${project.name}][${env:SERVER_PORT}] 2025-06-24 05:44:57,194 INFO
            [main][DubboConfigBindingRegistrar.java:151] - The BeanPostProcessor bean definition [org.apache.dubbo.config.spring.beans.factory.annotation.DubboConfigBindingBeanPostProcessor] for dubbo config bean [name : org.apache.dubbo.config.ApplicationConfig#0] has been registered.
[${project.name}][${env:SERVER_PORT}] 2025-06-24 05:44:57,194 DEBUG
            [main][DubboConfigBindingRegistrar.java:96] - There is no property for binding to dubbo config class [org.apache.dubbo.config.ModuleConfig] within prefix [dubbo.module]
[${project.name}][${env:SERVER_PORT}] 2025-06-24 05:44:57,195 INFO
            [main][DubboConfigBindingRegistrar.java:127] - The dubbo config bean definition [name : org.apache.dubbo.config.RegistryConfig#0, class : org.apache.dubbo.config.RegistryConfig] has been registered.
[${project.name}][${env:SERVER_PORT}] 2025-06-24 05:44:57,195 INFO
            [main][DubboConfigBindingRegistrar.java:151] - The BeanPostProcessor bean definition [org.apache.dubbo.config.spring.beans.factory.annotation.DubboConfigBindingBeanPostProcessor] for dubbo config bean [name : org.apache.dubbo.config.RegistryConfig#0] has been registered.
[${project.name}][${env:SERVER_PORT}] 2025-06-24 05:44:57,195 INFO
            [main][DubboConfigBindingRegistrar.java:127] - The dubbo config bean definition [name : org.apache.dubbo.config.ProtocolConfig#0, class : org.apache.dubbo.config.ProtocolConfig] has been registered.
[${project.name}][${env:SERVER_PORT}] 2025-06-24 05:44:57,195 INFO
            [main][DubboConfigBindingRegistrar.java:151] - The BeanPostProcessor bean definition [org.apache.dubbo.config.spring.beans.factory.annotation.DubboConfigBindingBeanPostProcessor] for dubbo config bean [name : org.apache.dubbo.config.ProtocolConfig#0] has been registered.
[${project.name}][${env:SERVER_PORT}] 2025-06-24 05:44:57,195 DEBUG
            [main][DubboConfigBindingRegistrar.java:96] - There is no property for binding to dubbo config class [org.apache.dubbo.config.MonitorConfig] within prefix [dubbo.monitor]
[${project.name}][${env:SERVER_PORT}] 2025-06-24 05:44:57,195 DEBUG
            [main][DubboConfigBindingRegistrar.java:96] - There is no property for binding to dubbo config class [org.apache.dubbo.config.ProviderConfig] within prefix [dubbo.provider]
[${project.name}][${env:SERVER_PORT}] 2025-06-24 05:44:57,196 INFO
            [main][DubboConfigBindingRegistrar.java:127] - The dubbo config bean definition [name : org.apache.dubbo.config.ConsumerConfig#0, class : org.apache.dubbo.config.ConsumerConfig] has been registered.
[${project.name}][${env:SERVER_PORT}] 2025-06-24 05:44:57,196 INFO
            [main][DubboConfigBindingRegistrar.java:151] - The BeanPostProcessor bean definition [org.apache.dubbo.config.spring.beans.factory.annotation.DubboConfigBindingBeanPostProcessor] for dubbo config bean [name : org.apache.dubbo.config.ConsumerConfig#0] has been registered.
[${project.name}][${env:SERVER_PORT}] 2025-06-24 05:44:57,196 DEBUG
            [main][DubboConfigBindingRegistrar.java:96] - There is no property for binding to dubbo config class [org.apache.dubbo.config.spring.ConfigCenterBean] within prefix [dubbo.config-center]
[${project.name}][${env:SERVER_PORT}] 2025-06-24 05:44:57,196 DEBUG
            [main][DubboConfigBindingRegistrar.java:96] - There is no property for binding to dubbo config class [org.apache.dubbo.config.MetadataReportConfig] within prefix [dubbo.metadata-report]
[${project.name}][${env:SERVER_PORT}] 2025-06-24 05:44:57,344 WARN
            [main][EndpointId.java:135] - Endpoint ID 'service-registry' contains invalid characters, please migrate to a valid format.
[${project.name}][${env:SERVER_PORT}] 2025-06-24 05:44:57,390 INFO
            [main][ServiceAnnotationBeanPostProcessor.java:204] -  [DUBBO] BeanNameGenerator bean can't be found in BeanFactory with name [org.springframework.context.annotation.internalConfigurationBeanNameGenerator], dubbo version: 2.7.3, current host: 192.168.2.115
[${project.name}][${env:SERVER_PORT}] 2025-06-24 05:44:57,390 INFO
            [main][ServiceAnnotationBeanPostProcessor.java:206] -  [DUBBO] BeanNameGenerator will be a instance of org.springframework.context.annotation.AnnotationBeanNameGenerator , it maybe a potential problem on bean name generation., dubbo version: 2.7.3, current host: 192.168.2.115
[${project.name}][${env:SERVER_PORT}] 2025-06-24 05:44:57,404 WARN
            [main][ServiceAnnotationBeanPostProcessor.java:169] -  [DUBBO] No Spring Bean annotating Dubbo's @Service was found under package[com.huiminpay], dubbo version: 2.7.3, current host: 192.168.2.115
[${project.name}][${env:SERVER_PORT}] 2025-06-24 05:44:57,407 INFO
            [main][ConfigurationClassPostProcessor.java:380] - Cannot enhance @Configuration bean definition 'org.apache.dubbo.spring.boot.autoconfigure.DubboRelaxedBinding2AutoConfiguration' since its singleton instance has been created too early. The typical cause is a non-static @Bean method with a BeanDefinitionRegistryPostProcessor return type: Consider declaring such methods as 'static'.
[${project.name}][${env:SERVER_PORT}] 2025-06-24 05:44:57,407 INFO
            [main][ConfigurationClassPostProcessor.java:380] - Cannot enhance @Configuration bean definition 'org.apache.dubbo.spring.boot.autoconfigure.DubboAutoConfiguration' since its singleton instance has been created too early. The typical cause is a non-static @Bean method with a BeanDefinitionRegistryPostProcessor return type: Consider declaring such methods as 'static'.
[${project.name}][${env:SERVER_PORT}] 2025-06-24 05:44:57,514 INFO
            [main][GenericScope.java:294] - BeanFactory id=0d3b42d9-d981-3339-aa34-ad3a195cc48b
[${project.name}][${env:SERVER_PORT}] 2025-06-24 05:44:57,692 INFO
            [main][PostProcessorRegistrationDelegate.java:330] - Bean 'com.alibaba.cloud.dubbo.autoconfigure.DubboOpenFeignAutoConfiguration' of type [com.alibaba.cloud.dubbo.autoconfigure.DubboOpenFeignAutoConfiguration$$EnhancerBySpringCGLIB$$e8464a97] is not eligible for getting processed by all BeanPostProcessors (for example: not eligible for auto-proxying)
[${project.name}][${env:SERVER_PORT}] 2025-06-24 05:44:57,712 INFO
            [main][PostProcessorRegistrationDelegate.java:330] - Bean 'dubbo.cloud-com.alibaba.cloud.dubbo.env.DubboCloudProperties' of type [com.alibaba.cloud.dubbo.env.DubboCloudProperties] is not eligible for getting processed by all BeanPostProcessors (for example: not eligible for auto-proxying)
[${project.name}][${env:SERVER_PORT}] 2025-06-24 05:44:57,728 INFO
            [main][PostProcessorRegistrationDelegate.java:330] - Bean 'metadataJsonResolver' of type [com.alibaba.cloud.dubbo.metadata.resolver.DubboServiceBeanMetadataResolver] is not eligible for getting processed by all BeanPostProcessors (for example: not eligible for auto-proxying)
[${project.name}][${env:SERVER_PORT}] 2025-06-24 05:44:57,815 INFO
            [main][PostProcessorRegistrationDelegate.java:330] - Bean 'org.apache.dubbo.config.ApplicationConfig#0' of type [org.apache.dubbo.config.ApplicationConfig] is not eligible for getting processed by all BeanPostProcessors (for example: not eligible for auto-proxying)
[${project.name}][${env:SERVER_PORT}] 2025-06-24 05:44:57,820 INFO
            [main][PostProcessorRegistrationDelegate.java:330] - Bean 'dubboProtocolConfigSupplier' of type [com.alibaba.cloud.dubbo.metadata.DubboProtocolConfigSupplier] is not eligible for getting processed by all BeanPostProcessors (for example: not eligible for auto-proxying)
[${project.name}][${env:SERVER_PORT}] 2025-06-24 05:44:57,821 INFO
            [main][PostProcessorRegistrationDelegate.java:330] - Bean 'com.alibaba.cloud.dubbo.service.DubboMetadataServiceExporter' of type [com.alibaba.cloud.dubbo.service.DubboMetadataServiceExporter] is not eligible for getting processed by all BeanPostProcessors (for example: not eligible for auto-proxying)
[${project.name}][${env:SERVER_PORT}] 2025-06-24 05:44:57,822 INFO
            [main][PostProcessorRegistrationDelegate.java:330] - Bean 'com.alibaba.cloud.dubbo.autoconfigure.DubboMetadataAutoConfiguration' of type [com.alibaba.cloud.dubbo.autoconfigure.DubboMetadataAutoConfiguration$$EnhancerBySpringCGLIB$$5a85e711] is not eligible for getting processed by all BeanPostProcessors (for example: not eligible for auto-proxying)
[${project.name}][${env:SERVER_PORT}] 2025-06-24 05:44:57,826 INFO
            [main][PostProcessorRegistrationDelegate.java:330] - Bean 'com.alibaba.cloud.dubbo.autoconfigure.DubboServiceAutoConfiguration' of type [com.alibaba.cloud.dubbo.autoconfigure.DubboServiceAutoConfiguration$$EnhancerBySpringCGLIB$$ed2fef69] is not eligible for getting processed by all BeanPostProcessors (for example: not eligible for auto-proxying)
[${project.name}][${env:SERVER_PORT}] 2025-06-24 05:44:57,831 INFO
            [main][PostProcessorRegistrationDelegate.java:330] - Bean 'dubboGenericServiceFactory' of type [com.alibaba.cloud.dubbo.service.DubboGenericServiceFactory] is not eligible for getting processed by all BeanPostProcessors (for example: not eligible for auto-proxying)
[${project.name}][${env:SERVER_PORT}] 2025-06-24 05:44:57,834 INFO
            [main][PostProcessorRegistrationDelegate.java:330] - Bean 'dubboMetadataConfigServiceProxy' of type [com.alibaba.cloud.dubbo.service.DubboMetadataServiceProxy] is not eligible for getting processed by all BeanPostProcessors (for example: not eligible for auto-proxying)
[${project.name}][${env:SERVER_PORT}] 2025-06-24 05:44:57,838 INFO
            [main][PostProcessorRegistrationDelegate.java:330] - Bean 'org.springframework.cloud.client.discovery.composite.CompositeDiscoveryClientAutoConfiguration' of type [org.springframework.cloud.client.discovery.composite.CompositeDiscoveryClientAutoConfiguration$$EnhancerBySpringCGLIB$$ad752923] is not eligible for getting processed by all BeanPostProcessors (for example: not eligible for auto-proxying)
[${project.name}][${env:SERVER_PORT}] 2025-06-24 05:44:57,844 INFO
            [main][PostProcessorRegistrationDelegate.java:330] - Bean 'com.alibaba.cloud.nacos.discovery.NacosDiscoveryClientAutoConfiguration' of type [com.alibaba.cloud.nacos.discovery.NacosDiscoveryClientAutoConfiguration$$EnhancerBySpringCGLIB$$a14031e8] is not eligible for getting processed by all BeanPostProcessors (for example: not eligible for auto-proxying)
[${project.name}][${env:SERVER_PORT}] 2025-06-24 05:44:57,854 INFO
            [main][PostProcessorRegistrationDelegate.java:330] - Bean 'org.springframework.cloud.commons.util.UtilAutoConfiguration' of type [org.springframework.cloud.commons.util.UtilAutoConfiguration$$EnhancerBySpringCGLIB$$2c32c517] is not eligible for getting processed by all BeanPostProcessors (for example: not eligible for auto-proxying)
[${project.name}][${env:SERVER_PORT}] 2025-06-24 05:44:57,861 INFO
            [main][PostProcessorRegistrationDelegate.java:330] - Bean 'inetUtilsProperties' of type [org.springframework.cloud.commons.util.InetUtilsProperties] is not eligible for getting processed by all BeanPostProcessors (for example: not eligible for auto-proxying)
[${project.name}][${env:SERVER_PORT}] 2025-06-24 05:44:57,863 INFO
            [main][PostProcessorRegistrationDelegate.java:330] - Bean 'inetUtils' of type [org.springframework.cloud.commons.util.InetUtils] is not eligible for getting processed by all BeanPostProcessors (for example: not eligible for auto-proxying)
[${project.name}][${env:SERVER_PORT}] 2025-06-24 05:45:00,100 INFO
            [main][InetUtils.java:170] - Cannot determine local hostname
[${project.name}][${env:SERVER_PORT}] 2025-06-24 05:45:00,101 INFO
            [main][PostProcessorRegistrationDelegate.java:330] - Bean 'nacosProperties' of type [com.alibaba.cloud.nacos.NacosDiscoveryProperties] is not eligible for getting processed by all BeanPostProcessors (for example: not eligible for auto-proxying)
[${project.name}][${env:SERVER_PORT}] 2025-06-24 05:45:00,104 INFO
            [main][PostProcessorRegistrationDelegate.java:330] - Bean 'nacosDiscoveryClient' of type [com.alibaba.cloud.nacos.discovery.NacosDiscoveryClient] is not eligible for getting processed by all BeanPostProcessors (for example: not eligible for auto-proxying)
[${project.name}][${env:SERVER_PORT}] 2025-06-24 05:45:00,120 INFO
            [main][PostProcessorRegistrationDelegate.java:330] - Bean 'server-org.springframework.boot.autoconfigure.web.ServerProperties' of type [org.springframework.boot.autoconfigure.web.ServerProperties] is not eligible for getting processed by all BeanPostProcessors (for example: not eligible for auto-proxying)
[${project.name}][${env:SERVER_PORT}] 2025-06-24 05:45:00,125 INFO
            [main][PostProcessorRegistrationDelegate.java:330] - Bean 'org.springframework.cloud.client.discovery.simple.SimpleDiscoveryClientAutoConfiguration' of type [org.springframework.cloud.client.discovery.simple.SimpleDiscoveryClientAutoConfiguration$$EnhancerBySpringCGLIB$$79a3c1f1] is not eligible for getting processed by all BeanPostProcessors (for example: not eligible for auto-proxying)
[${project.name}][${env:SERVER_PORT}] 2025-06-24 05:45:02,351 INFO
            [main][InetUtils.java:170] - Cannot determine local hostname
[${project.name}][${env:SERVER_PORT}] 2025-06-24 05:45:02,375 INFO
            [main][PostProcessorRegistrationDelegate.java:330] - Bean 'simpleDiscoveryProperties' of type [org.springframework.cloud.client.discovery.simple.SimpleDiscoveryProperties] is not eligible for getting processed by all BeanPostProcessors (for example: not eligible for auto-proxying)
[${project.name}][${env:SERVER_PORT}] 2025-06-24 05:45:02,394 INFO
            [main][PostProcessorRegistrationDelegate.java:330] - Bean 'simpleDiscoveryClient' of type [org.springframework.cloud.client.discovery.simple.SimpleDiscoveryClient] is not eligible for getting processed by all BeanPostProcessors (for example: not eligible for auto-proxying)
[${project.name}][${env:SERVER_PORT}] 2025-06-24 05:45:02,420 INFO
            [main][PostProcessorRegistrationDelegate.java:330] - Bean 'compositeDiscoveryClient' of type [org.springframework.cloud.client.discovery.composite.CompositeDiscoveryClient] is not eligible for getting processed by all BeanPostProcessors (for example: not eligible for auto-proxying)
[${project.name}][${env:SERVER_PORT}] 2025-06-24 05:45:02,431 INFO
            [main][PostProcessorRegistrationDelegate.java:330] - Bean 'com.alibaba.cloud.dubbo.util.JSONUtils' of type [com.alibaba.cloud.dubbo.util.JSONUtils] is not eligible for getting processed by all BeanPostProcessors (for example: not eligible for auto-proxying)
[${project.name}][${env:SERVER_PORT}] 2025-06-24 05:45:02,526 WARN
            [main][DubboServiceMetadataRepository.java:216] - Current application will subscribe all services(size:0) in registry, a lot of memory and CPU cycles may be used, thus it's strongly recommend you using the externalized property 'dubbo.cloud.subscribed-services' to specify the services
[${project.name}][${env:SERVER_PORT}] 2025-06-24 05:45:02,527 INFO
            [main][PostProcessorRegistrationDelegate.java:330] - Bean 'com.alibaba.cloud.dubbo.metadata.repository.DubboServiceMetadataRepository' of type [com.alibaba.cloud.dubbo.metadata.repository.DubboServiceMetadataRepository] is not eligible for getting processed by all BeanPostProcessors (for example: not eligible for auto-proxying)
[${project.name}][${env:SERVER_PORT}] 2025-06-24 05:45:02,553 INFO
            [main][PostProcessorRegistrationDelegate.java:330] - Bean 'com.alibaba.cloud.dubbo.service.parameter.RequestParamServiceParameterResolver' of type [com.alibaba.cloud.dubbo.service.parameter.RequestParamServiceParameterResolver] is not eligible for getting processed by all BeanPostProcessors (for example: not eligible for auto-proxying)
[${project.name}][${env:SERVER_PORT}] 2025-06-24 05:45:02,587 INFO
            [main][PostProcessorRegistrationDelegate.java:330] - Bean 'spring.http-org.springframework.boot.autoconfigure.http.HttpProperties' of type [org.springframework.boot.autoconfigure.http.HttpProperties] is not eligible for getting processed by all BeanPostProcessors (for example: not eligible for auto-proxying)
[${project.name}][${env:SERVER_PORT}] 2025-06-24 05:45:02,610 INFO
            [main][PostProcessorRegistrationDelegate.java:330] - Bean 'org.springframework.boot.autoconfigure.http.HttpMessageConvertersAutoConfiguration$StringHttpMessageConverterConfiguration' of type [org.springframework.boot.autoconfigure.http.HttpMessageConvertersAutoConfiguration$StringHttpMessageConverterConfiguration$$EnhancerBySpringCGLIB$$b1c68dc7] is not eligible for getting processed by all BeanPostProcessors (for example: not eligible for auto-proxying)
[${project.name}][${env:SERVER_PORT}] 2025-06-24 05:45:02,659 INFO
            [main][PostProcessorRegistrationDelegate.java:330] - Bean 'stringHttpMessageConverter' of type [org.springframework.http.converter.StringHttpMessageConverter] is not eligible for getting processed by all BeanPostProcessors (for example: not eligible for auto-proxying)
[${project.name}][${env:SERVER_PORT}] 2025-06-24 05:45:02,718 INFO
            [main][PostProcessorRegistrationDelegate.java:330] - Bean 'org.springframework.boot.autoconfigure.http.JacksonHttpMessageConvertersConfiguration$MappingJackson2HttpMessageConverterConfiguration' of type [org.springframework.boot.autoconfigure.http.JacksonHttpMessageConvertersConfiguration$MappingJackson2HttpMessageConverterConfiguration$$EnhancerBySpringCGLIB$$eb9c89c7] is not eligible for getting processed by all BeanPostProcessors (for example: not eligible for auto-proxying)
[${project.name}][${env:SERVER_PORT}] 2025-06-24 05:45:02,733 INFO
            [main][PostProcessorRegistrationDelegate.java:330] - Bean 'org.springframework.boot.autoconfigure.jackson.JacksonAutoConfiguration$JacksonObjectMapperConfiguration' of type [org.springframework.boot.autoconfigure.jackson.JacksonAutoConfiguration$JacksonObjectMapperConfiguration$$EnhancerBySpringCGLIB$$c0187b24] is not eligible for getting processed by all BeanPostProcessors (for example: not eligible for auto-proxying)
[${project.name}][${env:SERVER_PORT}] 2025-06-24 05:45:02,743 INFO
            [main][PostProcessorRegistrationDelegate.java:330] - Bean 'org.springframework.boot.autoconfigure.jackson.JacksonAutoConfiguration$JacksonObjectMapperBuilderConfiguration' of type [org.springframework.boot.autoconfigure.jackson.JacksonAutoConfiguration$JacksonObjectMapperBuilderConfiguration$$EnhancerBySpringCGLIB$$72653d3d] is not eligible for getting processed by all BeanPostProcessors (for example: not eligible for auto-proxying)
[${project.name}][${env:SERVER_PORT}] 2025-06-24 05:45:02,753 INFO
            [main][PostProcessorRegistrationDelegate.java:330] - Bean 'org.springframework.boot.autoconfigure.jackson.JacksonAutoConfiguration$Jackson2ObjectMapperBuilderCustomizerConfiguration' of type [org.springframework.boot.autoconfigure.jackson.JacksonAutoConfiguration$Jackson2ObjectMapperBuilderCustomizerConfiguration$$EnhancerBySpringCGLIB$$2d7c232c] is not eligible for getting processed by all BeanPostProcessors (for example: not eligible for auto-proxying)
[${project.name}][${env:SERVER_PORT}] 2025-06-24 05:45:02,766 INFO
            [main][PostProcessorRegistrationDelegate.java:330] - Bean 'spring.jackson-org.springframework.boot.autoconfigure.jackson.JacksonProperties' of type [org.springframework.boot.autoconfigure.jackson.JacksonProperties] is not eligible for getting processed by all BeanPostProcessors (for example: not eligible for auto-proxying)
[${project.name}][${env:SERVER_PORT}] 2025-06-24 05:45:02,772 INFO
            [main][PostProcessorRegistrationDelegate.java:330] - Bean 'standardJacksonObjectMapperBuilderCustomizer' of type [org.springframework.boot.autoconfigure.jackson.JacksonAutoConfiguration$Jackson2ObjectMapperBuilderCustomizerConfiguration$StandardJackson2ObjectMapperBuilderCustomizer] is not eligible for getting processed by all BeanPostProcessors (for example: not eligible for auto-proxying)
[${project.name}][${env:SERVER_PORT}] 2025-06-24 05:45:02,884 INFO
            [main][PostProcessorRegistrationDelegate.java:330] - Bean 'org.springframework.boot.autoconfigure.jackson.JacksonAutoConfiguration$ParameterNamesModuleConfiguration' of type [org.springframework.boot.autoconfigure.jackson.JacksonAutoConfiguration$ParameterNamesModuleConfiguration$$EnhancerBySpringCGLIB$$54479a5a] is not eligible for getting processed by all BeanPostProcessors (for example: not eligible for auto-proxying)
[${project.name}][${env:SERVER_PORT}] 2025-06-24 05:45:02,905 INFO
            [main][PostProcessorRegistrationDelegate.java:330] - Bean 'parameterNamesModule' of type [com.fasterxml.jackson.module.paramnames.ParameterNamesModule] is not eligible for getting processed by all BeanPostProcessors (for example: not eligible for auto-proxying)
[${project.name}][${env:SERVER_PORT}] 2025-06-24 05:45:02,912 INFO
            [main][PostProcessorRegistrationDelegate.java:330] - Bean 'org.springframework.boot.autoconfigure.jackson.JacksonAutoConfiguration' of type [org.springframework.boot.autoconfigure.jackson.JacksonAutoConfiguration$$EnhancerBySpringCGLIB$$a22418b3] is not eligible for getting processed by all BeanPostProcessors (for example: not eligible for auto-proxying)
[${project.name}][${env:SERVER_PORT}] 2025-06-24 05:45:02,930 INFO
            [main][PostProcessorRegistrationDelegate.java:330] - Bean 'jsonComponentModule' of type [org.springframework.boot.jackson.JsonComponentModule] is not eligible for getting processed by all BeanPostProcessors (for example: not eligible for auto-proxying)
[${project.name}][${env:SERVER_PORT}] 2025-06-24 05:45:02,938 INFO
            [main][PostProcessorRegistrationDelegate.java:330] - Bean 'jacksonObjectMapperBuilder' of type [org.springframework.http.converter.json.Jackson2ObjectMapperBuilder] is not eligible for getting processed by all BeanPostProcessors (for example: not eligible for auto-proxying)
[${project.name}][${env:SERVER_PORT}] 2025-06-24 05:45:02,998 INFO
            [main][PostProcessorRegistrationDelegate.java:330] - Bean 'jacksonObjectMapper' of type [com.fasterxml.jackson.databind.ObjectMapper] is not eligible for getting processed by all BeanPostProcessors (for example: not eligible for auto-proxying)
[${project.name}][${env:SERVER_PORT}] 2025-06-24 05:45:03,019 INFO
            [main][PostProcessorRegistrationDelegate.java:330] - Bean 'mappingJackson2HttpMessageConverter' of type [org.springframework.http.converter.json.MappingJackson2HttpMessageConverter] is not eligible for getting processed by all BeanPostProcessors (for example: not eligible for auto-proxying)
[${project.name}][${env:SERVER_PORT}] 2025-06-24 05:45:03,031 INFO
            [main][PostProcessorRegistrationDelegate.java:330] - Bean 'org.springframework.boot.autoconfigure.http.HttpMessageConvertersAutoConfiguration' of type [org.springframework.boot.autoconfigure.http.HttpMessageConvertersAutoConfiguration$$EnhancerBySpringCGLIB$$7eb8c727] is not eligible for getting processed by all BeanPostProcessors (for example: not eligible for auto-proxying)
[${project.name}][${env:SERVER_PORT}] 2025-06-24 05:45:03,040 INFO
            [main][PostProcessorRegistrationDelegate.java:330] - Bean 'messageConverters' of type [org.springframework.boot.autoconfigure.http.HttpMessageConverters] is not eligible for getting processed by all BeanPostProcessors (for example: not eligible for auto-proxying)
[${project.name}][${env:SERVER_PORT}] 2025-06-24 05:45:03,044 INFO
            [main][PostProcessorRegistrationDelegate.java:330] - Bean 'com.alibaba.cloud.dubbo.service.parameter.RequestBodyServiceParameterResolver' of type [com.alibaba.cloud.dubbo.service.parameter.RequestBodyServiceParameterResolver] is not eligible for getting processed by all BeanPostProcessors (for example: not eligible for auto-proxying)
[${project.name}][${env:SERVER_PORT}] 2025-06-24 05:45:03,052 INFO
            [main][PostProcessorRegistrationDelegate.java:330] - Bean 'com.alibaba.cloud.dubbo.service.parameter.RequestHeaderServiceParameterResolver' of type [com.alibaba.cloud.dubbo.service.parameter.RequestHeaderServiceParameterResolver] is not eligible for getting processed by all BeanPostProcessors (for example: not eligible for auto-proxying)
[${project.name}][${env:SERVER_PORT}] 2025-06-24 05:45:03,062 INFO
            [main][PostProcessorRegistrationDelegate.java:330] - Bean 'com.alibaba.cloud.dubbo.service.parameter.PathVariableServiceParameterResolver' of type [com.alibaba.cloud.dubbo.service.parameter.PathVariableServiceParameterResolver] is not eligible for getting processed by all BeanPostProcessors (for example: not eligible for auto-proxying)
[${project.name}][${env:SERVER_PORT}] 2025-06-24 05:45:03,064 INFO
            [main][PostProcessorRegistrationDelegate.java:330] - Bean 'com.alibaba.cloud.dubbo.service.DubboGenericServiceExecutionContextFactory' of type [com.alibaba.cloud.dubbo.service.DubboGenericServiceExecutionContextFactory] is not eligible for getting processed by all BeanPostProcessors (for example: not eligible for auto-proxying)
[${project.name}][${env:SERVER_PORT}] 2025-06-24 05:45:03,079 INFO
            [main][PostProcessorRegistrationDelegate.java:330] - Bean 'relaxedDubboConfigBinder' of type [org.apache.dubbo.spring.boot.autoconfigure.BinderDubboConfigBinder] is not eligible for getting processed by all BeanPostProcessors (for example: not eligible for auto-proxying)
[${project.name}][${env:SERVER_PORT}] 2025-06-24 05:45:03,087 INFO
            [main][PostProcessorRegistrationDelegate.java:330] - Bean 'relaxedDubboConfigBinder' of type [org.apache.dubbo.spring.boot.autoconfigure.BinderDubboConfigBinder] is not eligible for getting processed by all BeanPostProcessors (for example: not eligible for auto-proxying)
[${project.name}][${env:SERVER_PORT}] 2025-06-24 05:45:03,090 INFO
            [main][PostProcessorRegistrationDelegate.java:330] - Bean 'relaxedDubboConfigBinder' of type [org.apache.dubbo.spring.boot.autoconfigure.BinderDubboConfigBinder] is not eligible for getting processed by all BeanPostProcessors (for example: not eligible for auto-proxying)
[${project.name}][${env:SERVER_PORT}] 2025-06-24 05:45:03,094 INFO
            [main][PostProcessorRegistrationDelegate.java:330] - Bean 'relaxedDubboConfigBinder' of type [org.apache.dubbo.spring.boot.autoconfigure.BinderDubboConfigBinder] is not eligible for getting processed by all BeanPostProcessors (for example: not eligible for auto-proxying)
[${project.name}][${env:SERVER_PORT}] 2025-06-24 05:45:03,106 INFO
            [main][PostProcessorRegistrationDelegate.java:330] - Bean 'org.springframework.cloud.autoconfigure.ConfigurationPropertiesRebinderAutoConfiguration' of type [org.springframework.cloud.autoconfigure.ConfigurationPropertiesRebinderAutoConfiguration$$EnhancerBySpringCGLIB$$809efe90] is not eligible for getting processed by all BeanPostProcessors (for example: not eligible for auto-proxying)
[${project.name}][${env:SERVER_PORT}] 2025-06-24 05:45:03,512 INFO
            [main][TomcatWebServer.java:90] - Tomcat initialized with port(s): 57010 (http)
[${project.name}][${env:SERVER_PORT}] 2025-06-24 05:45:03,540 INFO
            [main][DirectJDKLog.java:173] - Initializing ProtocolHandler ["http-nio-57010"]
[${project.name}][${env:SERVER_PORT}] 2025-06-24 05:45:03,596 INFO
            [main][DirectJDKLog.java:173] - Starting service [Tomcat]
[${project.name}][${env:SERVER_PORT}] 2025-06-24 05:45:03,597 INFO
            [main][DirectJDKLog.java:173] - Starting Servlet engine: [Apache Tomcat/9.0.16]
[${project.name}][${env:SERVER_PORT}] 2025-06-24 05:45:03,616 INFO
            [main][DirectJDKLog.java:173] - The APR based Apache Tomcat Native library which allows optimal performance in production environments was not found on the java.library.path: [C:\Program Files\Java\jdk1.8.0_131\bin;C:\Windows\Sun\Java\bin;C:\Windows\system32;C:\Windows;C:\Program Files\Common Files\Oracle\Java\javapath;E:\product\11.2.0\dbhome_1\bin;C:/Program Files/Java/jdk-11.0.15\bin;C:\ProgramData\Oracle\Java\javapath;C:\Windows\system32;C:\Windows;C:\Windows\System32\Wbem;C:\Windows\System32\WindowsPowerShell\v1.0\;C:\Windows\System32\OpenSSH\;C:\Program Files (x86)\NVIDIA Corporation\PhysX\Common;C:\Program Files\NVIDIA Corporation\NVIDIA NvDLISR;D:\Program Files (x86)\MySQL\MySQL Server 5.5\bin;D:\apache-maven-3.8.2\bin;E:\otp\erl-23.3\bin;E:\ElasticS\node;E:\ElasticS\node\node_modules;D:\yarn\bin\;C:\web\huimin-web\node_modules\bin;C:\Program Files\MySQL\MySQL Server 5.5\bin;D:\Git\cmd;C:\Program Files\dotnet\;E:\redis;;C:\Program Files\Docker\Docker\resources\bin;C:\Users\Administrator\AppData\Local\Microsoft\WindowsApps;D:\Users\Administrator\AppData\Local\Programs\Microsoft VS Code\bin;C:\Users\Administrator\AppData\Roaming\npm;C:\Users\Administrator\AppData\Local\Yarn\bin;C:\Users\Administrator\AppData\Local\GitHubDesktop\bin;.]
[${project.name}][${env:SERVER_PORT}] 2025-06-24 05:45:04,224 INFO
            [main][DirectJDKLog.java:173] - Initializing Spring embedded WebApplicationContext
[${project.name}][${env:SERVER_PORT}] 2025-06-24 05:45:04,225 INFO
            [main][ServletWebServerApplicationContext.java:296] - Root WebApplicationContext: initialization completed in 7708 ms
[${project.name}][${env:SERVER_PORT}] 2025-06-24 05:45:12,519 INFO
            [main][EndpointLinksResolver.java:59] - Exposing 4 endpoint(s) beneath base path '/actuator'
[${project.name}][${env:SERVER_PORT}] 2025-06-24 05:45:12,777 INFO
            [main][PropertySourcedRequestMappingHandlerMapping.java:69] - Mapped URL path [/v2/api-docs] onto method [public org.springframework.http.ResponseEntity<springfox.documentation.spring.web.json.Json> springfox.documentation.swagger2.web.Swagger2Controller.getDocumentation(java.lang.String,javax.servlet.http.HttpServletRequest)]
[${project.name}][${env:SERVER_PORT}] 2025-06-24 05:45:12,843 WARN
            [main][URLConfigurationSource.java:121] - No URLs will be polled as dynamic configuration sources.
[${project.name}][${env:SERVER_PORT}] 2025-06-24 05:45:12,844 INFO
            [main][URLConfigurationSource.java:122] - To enable URLs as dynamic configuration sources, define System property archaius.configurationSource.additionalUrls or make config.properties available on classpath.
[${project.name}][${env:SERVER_PORT}] 2025-06-24 05:45:12,850 WARN
            [main][URLConfigurationSource.java:121] - No URLs will be polled as dynamic configuration sources.
[${project.name}][${env:SERVER_PORT}] 2025-06-24 05:45:12,851 INFO
            [main][URLConfigurationSource.java:122] - To enable URLs as dynamic configuration sources, define System property archaius.configurationSource.additionalUrls or make config.properties available on classpath.
[${project.name}][${env:SERVER_PORT}] 2025-06-24 05:45:12,902 DEBUG
            [main][TraversableResolvers.java:60] - Cannot find javax.persistence.Persistence on classpath. Assuming non JPA 2 environment. All properties will per default be traversable.
[${project.name}][${env:SERVER_PORT}] 2025-06-24 05:45:12,903 DEBUG
            [main][ResourceBundleMessageInterpolator.java:89] - Loaded expression factory via original TCCL
[${project.name}][${env:SERVER_PORT}] 2025-06-24 05:45:12,914 DEBUG
            [main][TraversableResolvers.java:60] - Cannot find javax.persistence.Persistence on classpath. Assuming non JPA 2 environment. All properties will per default be traversable.
[${project.name}][${env:SERVER_PORT}] 2025-06-24 05:45:12,916 DEBUG
            [main][ConfigurationImpl.java:148] - Setting custom MessageInterpolator of type org.springframework.validation.beanvalidation.LocaleContextMessageInterpolator
[${project.name}][${env:SERVER_PORT}] 2025-06-24 05:45:12,917 DEBUG
            [main][ConfigurationImpl.java:180] - Setting custom ConstraintValidatorFactory of type org.springframework.validation.beanvalidation.SpringConstraintValidatorFactory
[${project.name}][${env:SERVER_PORT}] 2025-06-24 05:45:12,918 DEBUG
            [main][ConfigurationImpl.java:194] - Setting custom ParameterNameProvider of type org.springframework.validation.beanvalidation.LocalValidatorFactoryBean$1
[${project.name}][${env:SERVER_PORT}] 2025-06-24 05:45:12,920 DEBUG
            [main][ValidationXmlParser.java:120] - Trying to load META-INF/validation.xml for XML based Validator configuration.
[${project.name}][${env:SERVER_PORT}] 2025-06-24 05:45:12,920 DEBUG
            [main][ResourceLoaderHelper.java:53] - Trying to load META-INF/validation.xml via user class loader
[${project.name}][${env:SERVER_PORT}] 2025-06-24 05:45:12,921 DEBUG
            [main][ResourceLoaderHelper.java:60] - Trying to load META-INF/validation.xml via TCCL
[${project.name}][${env:SERVER_PORT}] 2025-06-24 05:45:12,922 DEBUG
            [main][ResourceLoaderHelper.java:66] - Trying to load META-INF/validation.xml via Hibernate Validator's class loader
[${project.name}][${env:SERVER_PORT}] 2025-06-24 05:45:12,922 DEBUG
            [main][ValidationXmlParser.java:127] - No META-INF/validation.xml found. Using annotation based configuration only.
[${project.name}][${env:SERVER_PORT}] 2025-06-24 05:45:12,928 DEBUG
            [main][ValidatorFactoryImpl.java:578] - HV000234: Using org.springframework.validation.beanvalidation.LocaleContextMessageInterpolator as ValidatorFactory-scoped message interpolator.
[${project.name}][${env:SERVER_PORT}] 2025-06-24 05:45:12,929 DEBUG
            [main][ValidatorFactoryImpl.java:579] - HV000234: Using org.hibernate.validator.internal.engine.resolver.TraverseAllTraversableResolver as ValidatorFactory-scoped traversable resolver.
[${project.name}][${env:SERVER_PORT}] 2025-06-24 05:45:12,929 DEBUG
            [main][ValidatorFactoryImpl.java:580] - HV000234: Using org.hibernate.validator.internal.util.ExecutableParameterNameProvider as ValidatorFactory-scoped parameter name provider.
[${project.name}][${env:SERVER_PORT}] 2025-06-24 05:45:12,929 DEBUG
            [main][ValidatorFactoryImpl.java:581] - HV000234: Using org.hibernate.validator.internal.engine.DefaultClockProvider as ValidatorFactory-scoped clock provider.
[${project.name}][${env:SERVER_PORT}] 2025-06-24 05:45:12,929 DEBUG
            [main][ValidatorFactoryImpl.java:582] - HV000234: Using org.hibernate.validator.internal.engine.scripting.DefaultScriptEvaluatorFactory as ValidatorFactory-scoped script evaluator factory.
[${project.name}][${env:SERVER_PORT}] 2025-06-24 05:45:13,089 INFO
            [main][ExecutorConfigurationSupport.java:171] - Initializing ExecutorService 'applicationTaskExecutor'
[${project.name}][${env:SERVER_PORT}] 2025-06-24 05:45:13,476 INFO
            [main][ExecutorConfigurationSupport.java:171] - Initializing ExecutorService
[${project.name}][${env:SERVER_PORT}] 2025-06-24 05:45:13,495 INFO
            [main][DubboConfigBindingBeanPostProcessor.java:109] - The properties of bean [name : org.apache.dubbo.config.RegistryConfig#0] have been binding by prefix of configuration properties : dubbo.registry
[${project.name}][${env:SERVER_PORT}] 2025-06-24 05:45:13,505 INFO
            [main][DubboConfigBindingBeanPostProcessor.java:109] - The properties of bean [name : org.apache.dubbo.config.ProtocolConfig#0] have been binding by prefix of configuration properties : dubbo.protocol
[${project.name}][${env:SERVER_PORT}] 2025-06-24 05:45:13,520 INFO
            [main][DubboConfigBindingBeanPostProcessor.java:109] - The properties of bean [name : org.apache.dubbo.config.ConsumerConfig#0] have been binding by prefix of configuration properties : dubbo.consumer
[${project.name}][${env:SERVER_PORT}] 2025-06-24 05:45:13,983 INFO
            [main][DubboServiceMetadataRepository.java:262] - The metadata of Dubbo services has been initialized
[${project.name}][${env:SERVER_PORT}] 2025-06-24 05:45:14,042 INFO
            [main][DocumentationPluginsBootstrapper.java:160] - Context refreshed
[${project.name}][${env:SERVER_PORT}] 2025-06-24 05:45:14,050 WARN
            [ThreadPoolTaskScheduler-1][DubboServiceMetadataRepository.java:216] - Current application will subscribe all services(size:0) in registry, a lot of memory and CPU cycles may be used, thus it's strongly recommend you using the externalized property 'dubbo.cloud.subscribed-services' to specify the services
[${project.name}][${env:SERVER_PORT}] 2025-06-24 05:45:14,056 INFO
            [main][DocumentationPluginsBootstrapper.java:163] - Found 1 custom documentation plugin(s)
[${project.name}][${env:SERVER_PORT}] 2025-06-24 05:45:14,090 INFO
            [main][ApiListingReferenceScanner.java:41] - Scanning for api listing references
[${project.name}][${env:SERVER_PORT}] 2025-06-24 05:45:14,186 INFO
            [main][DirectJDKLog.java:173] - Starting ProtocolHandler ["http-nio-57010"]
[${project.name}][${env:SERVER_PORT}] 2025-06-24 05:45:14,217 INFO
            [main][TomcatWebServer.java:204] - Tomcat started on port(s): 57010 (http) with context path '/merchant'
[${project.name}][${env:SERVER_PORT}] 2025-06-24 05:45:14,259 DEBUG
            [main][AdaptiveClassCodeGenerator.java:104] -  [DUBBO] package org.apache.dubbo.rpc;
import org.apache.dubbo.common.extension.ExtensionLoader;
public class Protocol$Adaptive implements org.apache.dubbo.rpc.Protocol {
public void destroy()  {
throw new UnsupportedOperationException("The method public abstract void org.apache.dubbo.rpc.Protocol.destroy() of interface org.apache.dubbo.rpc.Protocol is not adaptive method!");
}
public int getDefaultPort()  {
throw new UnsupportedOperationException("The method public abstract int org.apache.dubbo.rpc.Protocol.getDefaultPort() of interface org.apache.dubbo.rpc.Protocol is not adaptive method!");
}
public org.apache.dubbo.rpc.Exporter export(org.apache.dubbo.rpc.Invoker arg0) throws org.apache.dubbo.rpc.RpcException {
if (arg0 == null) throw new IllegalArgumentException("org.apache.dubbo.rpc.Invoker argument == null");
if (arg0.getUrl() == null) throw new IllegalArgumentException("org.apache.dubbo.rpc.Invoker argument getUrl() == null");
org.apache.dubbo.common.URL url = arg0.getUrl();
String extName = ( url.getProtocol() == null ? "dubbo" : url.getProtocol() );
if(extName == null) throw new IllegalStateException("Failed to get extension (org.apache.dubbo.rpc.Protocol) name from url (" + url.toString() + ") use keys([protocol])");
org.apache.dubbo.rpc.Protocol extension = (org.apache.dubbo.rpc.Protocol)ExtensionLoader.getExtensionLoader(org.apache.dubbo.rpc.Protocol.class).getExtension(extName);
return extension.export(arg0);
}
public org.apache.dubbo.rpc.Invoker refer(java.lang.Class arg0, org.apache.dubbo.common.URL arg1) throws org.apache.dubbo.rpc.RpcException {
if (arg1 == null) throw new IllegalArgumentException("url == null");
org.apache.dubbo.common.URL url = arg1;
String extName = ( url.getProtocol() == null ? "dubbo" : url.getProtocol() );
if(extName == null) throw new IllegalStateException("Failed to get extension (org.apache.dubbo.rpc.Protocol) name from url (" + url.toString() + ") use keys([protocol])");
org.apache.dubbo.rpc.Protocol extension = (org.apache.dubbo.rpc.Protocol)ExtensionLoader.getExtensionLoader(org.apache.dubbo.rpc.Protocol.class).getExtension(extName);
return extension.refer(arg0, arg1);
}
}, dubbo version: 2.7.3, current host: 192.168.2.115
[${project.name}][${env:SERVER_PORT}] 2025-06-24 05:45:14,363 DEBUG
            [main][AdaptiveClassCodeGenerator.java:104] -  [DUBBO] package org.apache.dubbo.rpc;
import org.apache.dubbo.common.extension.ExtensionLoader;
public class ProxyFactory$Adaptive implements org.apache.dubbo.rpc.ProxyFactory {
public java.lang.Object getProxy(org.apache.dubbo.rpc.Invoker arg0) throws org.apache.dubbo.rpc.RpcException {
if (arg0 == null) throw new IllegalArgumentException("org.apache.dubbo.rpc.Invoker argument == null");
if (arg0.getUrl() == null) throw new IllegalArgumentException("org.apache.dubbo.rpc.Invoker argument getUrl() == null");
org.apache.dubbo.common.URL url = arg0.getUrl();
String extName = url.getParameter("proxy", "javassist");
if(extName == null) throw new IllegalStateException("Failed to get extension (org.apache.dubbo.rpc.ProxyFactory) name from url (" + url.toString() + ") use keys([proxy])");
org.apache.dubbo.rpc.ProxyFactory extension = (org.apache.dubbo.rpc.ProxyFactory)ExtensionLoader.getExtensionLoader(org.apache.dubbo.rpc.ProxyFactory.class).getExtension(extName);
return extension.getProxy(arg0);
}
public java.lang.Object getProxy(org.apache.dubbo.rpc.Invoker arg0, boolean arg1) throws org.apache.dubbo.rpc.RpcException {
if (arg0 == null) throw new IllegalArgumentException("org.apache.dubbo.rpc.Invoker argument == null");
if (arg0.getUrl() == null) throw new IllegalArgumentException("org.apache.dubbo.rpc.Invoker argument getUrl() == null");
org.apache.dubbo.common.URL url = arg0.getUrl();
String extName = url.getParameter("proxy", "javassist");
if(extName == null) throw new IllegalStateException("Failed to get extension (org.apache.dubbo.rpc.ProxyFactory) name from url (" + url.toString() + ") use keys([proxy])");
org.apache.dubbo.rpc.ProxyFactory extension = (org.apache.dubbo.rpc.ProxyFactory)ExtensionLoader.getExtensionLoader(org.apache.dubbo.rpc.ProxyFactory.class).getExtension(extName);
return extension.getProxy(arg0, arg1);
}
public org.apache.dubbo.rpc.Invoker getInvoker(java.lang.Object arg0, java.lang.Class arg1, org.apache.dubbo.common.URL arg2) throws org.apache.dubbo.rpc.RpcException {
if (arg2 == null) throw new IllegalArgumentException("url == null");
org.apache.dubbo.common.URL url = arg2;
String extName = url.getParameter("proxy", "javassist");
if(extName == null) throw new IllegalStateException("Failed to get extension (org.apache.dubbo.rpc.ProxyFactory) name from url (" + url.toString() + ") use keys([proxy])");
org.apache.dubbo.rpc.ProxyFactory extension = (org.apache.dubbo.rpc.ProxyFactory)ExtensionLoader.getExtensionLoader(org.apache.dubbo.rpc.ProxyFactory.class).getExtension(extName);
return extension.getInvoker(arg0, arg1, arg2);
}
}, dubbo version: 2.7.3, current host: 192.168.2.115
[${project.name}][${env:SERVER_PORT}] 2025-06-24 05:45:14,400 WARN
            [main][AbstractInterfaceConfig.java:265] -  [DUBBO] There's no valid metadata config found, if you are using the simplified mode of registry url, please make sure you have a metadata address configured properly., dubbo version: 2.7.3, current host: 192.168.2.115
[${project.name}][${env:SERVER_PORT}] 2025-06-24 05:45:14,475 DEBUG
            [main][AdaptiveClassCodeGenerator.java:104] -  [DUBBO] package org.apache.dubbo.cache;
import org.apache.dubbo.common.extension.ExtensionLoader;
public class CacheFactory$Adaptive implements org.apache.dubbo.cache.CacheFactory {
public org.apache.dubbo.cache.Cache getCache(org.apache.dubbo.common.URL arg0, org.apache.dubbo.rpc.Invocation arg1)  {
if (arg0 == null) throw new IllegalArgumentException("url == null");
org.apache.dubbo.common.URL url = arg0;
if (arg1 == null) throw new IllegalArgumentException("invocation == null"); String methodName = arg1.getMethodName();
String extName = url.getMethodParameter(methodName, "cache", "lru");
if(extName == null) throw new IllegalStateException("Failed to get extension (org.apache.dubbo.cache.CacheFactory) name from url (" + url.toString() + ") use keys([cache])");
org.apache.dubbo.cache.CacheFactory extension = (org.apache.dubbo.cache.CacheFactory)ExtensionLoader.getExtensionLoader(org.apache.dubbo.cache.CacheFactory.class).getExtension(extName);
return extension.getCache(arg0, arg1);
}
}, dubbo version: 2.7.3, current host: 192.168.2.115
[${project.name}][${env:SERVER_PORT}] 2025-06-24 05:45:14,490 DEBUG
            [main][AdaptiveClassCodeGenerator.java:104] -  [DUBBO] package org.apache.dubbo.monitor;
import org.apache.dubbo.common.extension.ExtensionLoader;
public class MonitorFactory$Adaptive implements org.apache.dubbo.monitor.MonitorFactory {
public org.apache.dubbo.monitor.Monitor getMonitor(org.apache.dubbo.common.URL arg0)  {
if (arg0 == null) throw new IllegalArgumentException("url == null");
org.apache.dubbo.common.URL url = arg0;
String extName = ( url.getProtocol() == null ? "dubbo" : url.getProtocol() );
if(extName == null) throw new IllegalStateException("Failed to get extension (org.apache.dubbo.monitor.MonitorFactory) name from url (" + url.toString() + ") use keys([protocol])");
org.apache.dubbo.monitor.MonitorFactory extension = (org.apache.dubbo.monitor.MonitorFactory)ExtensionLoader.getExtensionLoader(org.apache.dubbo.monitor.MonitorFactory.class).getExtension(extName);
return extension.getMonitor(arg0);
}
}, dubbo version: 2.7.3, current host: 192.168.2.115
[${project.name}][${env:SERVER_PORT}] 2025-06-24 05:45:14,506 DEBUG
            [main][AdaptiveClassCodeGenerator.java:104] -  [DUBBO] package org.apache.dubbo.validation;
import org.apache.dubbo.common.extension.ExtensionLoader;
public class Validation$Adaptive implements org.apache.dubbo.validation.Validation {
public org.apache.dubbo.validation.Validator getValidator(org.apache.dubbo.common.URL arg0)  {
if (arg0 == null) throw new IllegalArgumentException("url == null");
org.apache.dubbo.common.URL url = arg0;
String extName = url.getParameter("validation", "jvalidation");
if(extName == null) throw new IllegalStateException("Failed to get extension (org.apache.dubbo.validation.Validation) name from url (" + url.toString() + ") use keys([validation])");
org.apache.dubbo.validation.Validation extension = (org.apache.dubbo.validation.Validation)ExtensionLoader.getExtensionLoader(org.apache.dubbo.validation.Validation.class).getExtension(extName);
return extension.getValidator(arg0);
}
}, dubbo version: 2.7.3, current host: 192.168.2.115
[${project.name}][${env:SERVER_PORT}] 2025-06-24 05:45:14,521 INFO
            [main][ServiceConfig.java:643] -  [DUBBO] Export dubbo service com.alibaba.cloud.dubbo.service.DubboMetadataService to local registry url : injvm://127.0.0.1/com.alibaba.cloud.dubbo.service.DubboMetadataService?anyhost=true&application=merchant-application&bind.ip=192.168.2.115&bind.port=20891&deprecated=false&dubbo=2.0.2&dynamic=true&generic=false&group=merchant-application&interface=com.alibaba.cloud.dubbo.service.DubboMetadataService&methods=getAllServiceKeys,getServiceRestMetadata,getExportedURLs,getAllExportedURLs&pid=9072&qos.enable=false&qos.port=22310&register=true&release=2.7.3&revision=2.1.0.RELEASE&side=provider&timestamp=1750736714407&version=1.0.0, dubbo version: 2.7.3, current host: 192.168.2.115
[${project.name}][${env:SERVER_PORT}] 2025-06-24 05:45:14,521 INFO
            [main][ServiceConfig.java:581] -  [DUBBO] Export dubbo service com.alibaba.cloud.dubbo.service.DubboMetadataService to url dubbo://192.168.2.115:20891/com.alibaba.cloud.dubbo.service.DubboMetadataService?anyhost=true&application=merchant-application&bind.ip=192.168.2.115&bind.port=20891&deprecated=false&dubbo=2.0.2&dynamic=true&generic=false&group=merchant-application&interface=com.alibaba.cloud.dubbo.service.DubboMetadataService&methods=getAllServiceKeys,getServiceRestMetadata,getExportedURLs,getAllExportedURLs&pid=9072&qos.enable=false&qos.port=22310&register=true&release=2.7.3&revision=2.1.0.RELEASE&side=provider&timestamp=1750736714407&version=1.0.0, dubbo version: 2.7.3, current host: 192.168.2.115
[${project.name}][${env:SERVER_PORT}] 2025-06-24 05:45:14,523 INFO
            [main][AbstractInterfaceConfig.java:237] -  [DUBBO] There's no valid monitor config found, if you want to open monitor statistics for Dubbo, please make sure your monitor is configured properly., dubbo version: 2.7.3, current host: 192.168.2.115
[${project.name}][${env:SERVER_PORT}] 2025-06-24 05:45:14,524 INFO
            [main][ServiceConfig.java:595] -  [DUBBO] Register dubbo service com.alibaba.cloud.dubbo.service.DubboMetadataService url dubbo://192.168.2.115:20891/com.alibaba.cloud.dubbo.service.DubboMetadataService?anyhost=true&application=merchant-application&bind.ip=192.168.2.115&bind.port=20891&deprecated=false&dubbo=2.0.2&dynamic=true&generic=false&group=merchant-application&interface=com.alibaba.cloud.dubbo.service.DubboMetadataService&methods=getAllServiceKeys,getServiceRestMetadata,getExportedURLs,getAllExportedURLs&pid=9072&qos.enable=false&qos.port=22310&register=true&release=2.7.3&revision=2.1.0.RELEASE&side=provider&timestamp=1750736714407&version=1.0.0 to registry registry://127.0.0.1:8848/org.apache.dubbo.registry.RegistryService?application=merchant-application&dubbo=2.0.2&pid=9072&qos.enable=false&qos.port=22310&registry=nacos&release=2.7.3&timestamp=1750736714402, dubbo version: 2.7.3, current host: 192.168.2.115
[${project.name}][${env:SERVER_PORT}] 2025-06-24 05:45:14,542 DEBUG
            [main][AdaptiveClassCodeGenerator.java:104] -  [DUBBO] package org.apache.dubbo.rpc.cluster;
import org.apache.dubbo.common.extension.ExtensionLoader;
public class Cluster$Adaptive implements org.apache.dubbo.rpc.cluster.Cluster {
public org.apache.dubbo.rpc.Invoker join(org.apache.dubbo.rpc.cluster.Directory arg0) throws org.apache.dubbo.rpc.RpcException {
if (arg0 == null) throw new IllegalArgumentException("org.apache.dubbo.rpc.cluster.Directory argument == null");
if (arg0.getUrl() == null) throw new IllegalArgumentException("org.apache.dubbo.rpc.cluster.Directory argument getUrl() == null");
org.apache.dubbo.common.URL url = arg0.getUrl();
String extName = url.getParameter("cluster", "failover");
if(extName == null) throw new IllegalStateException("Failed to get extension (org.apache.dubbo.rpc.cluster.Cluster) name from url (" + url.toString() + ") use keys([cluster])");
org.apache.dubbo.rpc.cluster.Cluster extension = (org.apache.dubbo.rpc.cluster.Cluster)ExtensionLoader.getExtensionLoader(org.apache.dubbo.rpc.cluster.Cluster.class).getExtension(extName);
return extension.join(arg0);
}
}, dubbo version: 2.7.3, current host: 192.168.2.115
[${project.name}][${env:SERVER_PORT}] 2025-06-24 05:45:14,560 DEBUG
            [main][AdaptiveClassCodeGenerator.java:104] -  [DUBBO] package org.apache.dubbo.registry;
import org.apache.dubbo.common.extension.ExtensionLoader;
public class RegistryFactory$Adaptive implements org.apache.dubbo.registry.RegistryFactory {
public org.apache.dubbo.registry.Registry getRegistry(org.apache.dubbo.common.URL arg0)  {
if (arg0 == null) throw new IllegalArgumentException("url == null");
org.apache.dubbo.common.URL url = arg0;
String extName = ( url.getProtocol() == null ? "dubbo" : url.getProtocol() );
if(extName == null) throw new IllegalStateException("Failed to get extension (org.apache.dubbo.registry.RegistryFactory) name from url (" + url.toString() + ") use keys([protocol])");
org.apache.dubbo.registry.RegistryFactory extension = (org.apache.dubbo.registry.RegistryFactory)ExtensionLoader.getExtensionLoader(org.apache.dubbo.registry.RegistryFactory.class).getExtension(extName);
return extension.getRegistry(arg0);
}
}, dubbo version: 2.7.3, current host: 192.168.2.115
[${project.name}][${env:SERVER_PORT}] 2025-06-24 05:45:14,568 INFO
            [main][QosProtocolWrapper.java:89] -  [DUBBO] qos won't be started because it is disabled. Please check dubbo.application.qos.enable is configured either in system property, dubbo.properties or XML/spring-boot configuration., dubbo version: 2.7.3, current host: 192.168.2.115
[${project.name}][${env:SERVER_PORT}] 2025-06-24 05:45:14,591 DEBUG
            [main][AdaptiveClassCodeGenerator.java:104] -  [DUBBO] package org.apache.dubbo.remoting;
import org.apache.dubbo.common.extension.ExtensionLoader;
public class Transporter$Adaptive implements org.apache.dubbo.remoting.Transporter {
public org.apache.dubbo.remoting.Client connect(org.apache.dubbo.common.URL arg0, org.apache.dubbo.remoting.ChannelHandler arg1) throws org.apache.dubbo.remoting.RemotingException {
if (arg0 == null) throw new IllegalArgumentException("url == null");
org.apache.dubbo.common.URL url = arg0;
String extName = url.getParameter("client", url.getParameter("transporter", "netty"));
if(extName == null) throw new IllegalStateException("Failed to get extension (org.apache.dubbo.remoting.Transporter) name from url (" + url.toString() + ") use keys([client, transporter])");
org.apache.dubbo.remoting.Transporter extension = (org.apache.dubbo.remoting.Transporter)ExtensionLoader.getExtensionLoader(org.apache.dubbo.remoting.Transporter.class).getExtension(extName);
return extension.connect(arg0, arg1);
}
public org.apache.dubbo.remoting.Server bind(org.apache.dubbo.common.URL arg0, org.apache.dubbo.remoting.ChannelHandler arg1) throws org.apache.dubbo.remoting.RemotingException {
if (arg0 == null) throw new IllegalArgumentException("url == null");
org.apache.dubbo.common.URL url = arg0;
String extName = url.getParameter("server", url.getParameter("transporter", "netty"));
if(extName == null) throw new IllegalStateException("Failed to get extension (org.apache.dubbo.remoting.Transporter) name from url (" + url.toString() + ") use keys([server, transporter])");
org.apache.dubbo.remoting.Transporter extension = (org.apache.dubbo.remoting.Transporter)ExtensionLoader.getExtensionLoader(org.apache.dubbo.remoting.Transporter.class).getExtension(extName);
return extension.bind(arg0, arg1);
}
}, dubbo version: 2.7.3, current host: 192.168.2.115
[${project.name}][${env:SERVER_PORT}] 2025-06-24 05:45:14,613 DEBUG
            [main][AdaptiveClassCodeGenerator.java:104] -  [DUBBO] package org.apache.dubbo.remoting;
import org.apache.dubbo.common.extension.ExtensionLoader;
public class Dispatcher$Adaptive implements org.apache.dubbo.remoting.Dispatcher {
public org.apache.dubbo.remoting.ChannelHandler dispatch(org.apache.dubbo.remoting.ChannelHandler arg0, org.apache.dubbo.common.URL arg1)  {
if (arg1 == null) throw new IllegalArgumentException("url == null");
org.apache.dubbo.common.URL url = arg1;
String extName = url.getParameter("dispatcher", url.getParameter("dispather", url.getParameter("channel.handler", "all")));
if(extName == null) throw new IllegalStateException("Failed to get extension (org.apache.dubbo.remoting.Dispatcher) name from url (" + url.toString() + ") use keys([dispatcher, dispather, channel.handler])");
org.apache.dubbo.remoting.Dispatcher extension = (org.apache.dubbo.remoting.Dispatcher)ExtensionLoader.getExtensionLoader(org.apache.dubbo.remoting.Dispatcher.class).getExtension(extName);
return extension.dispatch(arg0, arg1);
}
}, dubbo version: 2.7.3, current host: 192.168.2.115
[${project.name}][${env:SERVER_PORT}] 2025-06-24 05:45:14,629 DEBUG
            [main][AdaptiveClassCodeGenerator.java:104] -  [DUBBO] package org.apache.dubbo.common.threadpool;
import org.apache.dubbo.common.extension.ExtensionLoader;
public class ThreadPool$Adaptive implements org.apache.dubbo.common.threadpool.ThreadPool {
public java.util.concurrent.Executor getExecutor(org.apache.dubbo.common.URL arg0)  {
if (arg0 == null) throw new IllegalArgumentException("url == null");
org.apache.dubbo.common.URL url = arg0;
String extName = url.getParameter("threadpool", "fixed");
if(extName == null) throw new IllegalStateException("Failed to get extension (org.apache.dubbo.common.threadpool.ThreadPool) name from url (" + url.toString() + ") use keys([threadpool])");
org.apache.dubbo.common.threadpool.ThreadPool extension = (org.apache.dubbo.common.threadpool.ThreadPool)ExtensionLoader.getExtensionLoader(org.apache.dubbo.common.threadpool.ThreadPool.class).getExtension(extName);
return extension.getExecutor(arg0);
}
}, dubbo version: 2.7.3, current host: 192.168.2.115
[${project.name}][${env:SERVER_PORT}] 2025-06-24 05:45:14,660 DEBUG
            [main][InternalLoggerFactory.java:43] - Using SLF4J as the default logging framework
[${project.name}][${env:SERVER_PORT}] 2025-06-24 05:45:14,669 DEBUG
            [main][MultithreadEventLoopGroup.java:44] - -Dio.netty.eventLoopThreads: 16
[${project.name}][${env:SERVER_PORT}] 2025-06-24 05:45:14,692 DEBUG
            [main][NioEventLoop.java:105] - -Dio.netty.noKeySetOptimization: false
[${project.name}][${env:SERVER_PORT}] 2025-06-24 05:45:14,693 DEBUG
            [main][NioEventLoop.java:106] - -Dio.netty.selectorAutoRebuildThreshold: 512
[${project.name}][${env:SERVER_PORT}] 2025-06-24 05:45:14,696 DEBUG
            [main][PlatformDependent.java:955] - Platform: Windows
[${project.name}][${env:SERVER_PORT}] 2025-06-24 05:45:14,698 DEBUG
            [main][PlatformDependent0.java:395] - -Dio.netty.noUnsafe: false
[${project.name}][${env:SERVER_PORT}] 2025-06-24 05:45:14,699 DEBUG
            [main][PlatformDependent0.java:871] - Java version: 8
[${project.name}][${env:SERVER_PORT}] 2025-06-24 05:45:14,700 DEBUG
            [main][PlatformDependent0.java:120] - sun.misc.Unsafe.theUnsafe: available
[${project.name}][${env:SERVER_PORT}] 2025-06-24 05:45:14,701 DEBUG
            [main][PlatformDependent0.java:144] - sun.misc.Unsafe.copyMemory: available
[${project.name}][${env:SERVER_PORT}] 2025-06-24 05:45:14,702 DEBUG
            [main][PlatformDependent0.java:182] - java.nio.Buffer.address: available
[${project.name}][${env:SERVER_PORT}] 2025-06-24 05:45:14,704 DEBUG
            [main][PlatformDependent0.java:243] - direct buffer constructor: available
[${project.name}][${env:SERVER_PORT}] 2025-06-24 05:45:14,706 DEBUG
            [main][PlatformDependent0.java:313] - java.nio.Bits.unaligned: available, true
[${project.name}][${env:SERVER_PORT}] 2025-06-24 05:45:14,706 DEBUG
            [main][PlatformDependent0.java:378] - jdk.internal.misc.Unsafe.allocateUninitializedArray(int): unavailable prior to Java9
[${project.name}][${env:SERVER_PORT}] 2025-06-24 05:45:14,707 DEBUG
            [main][PlatformDependent0.java:385] - java.nio.DirectByteBuffer.<init>(long, int): available
[${project.name}][${env:SERVER_PORT}] 2025-06-24 05:45:14,707 DEBUG
            [main][PlatformDependent.java:992] - sun.misc.Unsafe: available
[${project.name}][${env:SERVER_PORT}] 2025-06-24 05:45:14,708 DEBUG
            [main][PlatformDependent.java:1086] - -Dio.netty.tmpdir: C:\Users\Administrator\AppData\Local\Temp (java.io.tmpdir)
[${project.name}][${env:SERVER_PORT}] 2025-06-24 05:45:14,709 DEBUG
            [main][PlatformDependent.java:1165] - -Dio.netty.bitMode: 64 (sun.arch.data.model)
[${project.name}][${env:SERVER_PORT}] 2025-06-24 05:45:14,711 DEBUG
            [main][PlatformDependent.java:157] - -Dio.netty.maxDirectMemory: 3767533568 bytes
[${project.name}][${env:SERVER_PORT}] 2025-06-24 05:45:14,711 DEBUG
            [main][PlatformDependent.java:164] - -Dio.netty.uninitializedArrayAllocationThreshold: -1
[${project.name}][${env:SERVER_PORT}] 2025-06-24 05:45:14,713 DEBUG
            [main][CleanerJava6.java:92] - java.nio.ByteBuffer.cleaner(): available
[${project.name}][${env:SERVER_PORT}] 2025-06-24 05:45:14,714 DEBUG
            [main][PlatformDependent.java:184] - -Dio.netty.noPreferDirect: false
[${project.name}][${env:SERVER_PORT}] 2025-06-24 05:45:14,716 DEBUG
            [main][PlatformDependent.java:860] - org.jctools-core.MpscChunkedArrayQueue: available
[${project.name}][${env:SERVER_PORT}] 2025-06-24 05:45:14,764 DEBUG
            [main][ResourceLeakDetector.java:129] - -Dio.netty.leakDetection.level: simple
[${project.name}][${env:SERVER_PORT}] 2025-06-24 05:45:14,765 DEBUG
            [main][ResourceLeakDetector.java:130] - -Dio.netty.leakDetection.targetRecords: 4
[${project.name}][${env:SERVER_PORT}] 2025-06-24 05:45:14,773 DEBUG
            [main][PooledByteBufAllocator.java:126] - -Dio.netty.allocator.numHeapArenas: 16
[${project.name}][${env:SERVER_PORT}] 2025-06-24 05:45:14,773 DEBUG
            [main][PooledByteBufAllocator.java:127] - -Dio.netty.allocator.numDirectArenas: 16
[${project.name}][${env:SERVER_PORT}] 2025-06-24 05:45:14,773 DEBUG
            [main][PooledByteBufAllocator.java:129] - -Dio.netty.allocator.pageSize: 8192
[${project.name}][${env:SERVER_PORT}] 2025-06-24 05:45:14,773 DEBUG
            [main][PooledByteBufAllocator.java:134] - -Dio.netty.allocator.maxOrder: 11
[${project.name}][${env:SERVER_PORT}] 2025-06-24 05:45:14,774 DEBUG
            [main][PooledByteBufAllocator.java:138] - -Dio.netty.allocator.chunkSize: 16777216
[${project.name}][${env:SERVER_PORT}] 2025-06-24 05:45:14,774 DEBUG
            [main][PooledByteBufAllocator.java:139] - -Dio.netty.allocator.tinyCacheSize: 512
[${project.name}][${env:SERVER_PORT}] 2025-06-24 05:45:14,774 DEBUG
            [main][PooledByteBufAllocator.java:140] - -Dio.netty.allocator.smallCacheSize: 256
[${project.name}][${env:SERVER_PORT}] 2025-06-24 05:45:14,775 DEBUG
            [main][PooledByteBufAllocator.java:141] - -Dio.netty.allocator.normalCacheSize: 64
[${project.name}][${env:SERVER_PORT}] 2025-06-24 05:45:14,775 DEBUG
            [main][PooledByteBufAllocator.java:142] - -Dio.netty.allocator.maxCachedBufferCapacity: 32768
[${project.name}][${env:SERVER_PORT}] 2025-06-24 05:45:14,775 DEBUG
            [main][PooledByteBufAllocator.java:143] - -Dio.netty.allocator.cacheTrimInterval: 8192
[${project.name}][${env:SERVER_PORT}] 2025-06-24 05:45:14,776 DEBUG
            [main][PooledByteBufAllocator.java:144] - -Dio.netty.allocator.useCacheForAllThreads: true
[${project.name}][${env:SERVER_PORT}] 2025-06-24 05:45:14,776 DEBUG
            [main][PooledByteBufAllocator.java:145] - -Dio.netty.allocator.maxCachedByteBuffersPerChunk: 1023
[${project.name}][${env:SERVER_PORT}] 2025-06-24 05:45:14,780 DEBUG
            [main][InternalThreadLocalMap.java:54] - -Dio.netty.threadLocalMap.stringBuilder.initialSize: 1024
[${project.name}][${env:SERVER_PORT}] 2025-06-24 05:45:14,781 DEBUG
            [main][InternalThreadLocalMap.java:57] - -Dio.netty.threadLocalMap.stringBuilder.maxSize: 4096
[${project.name}][${env:SERVER_PORT}] 2025-06-24 05:45:14,797 DEBUG
            [main][DefaultChannelId.java:79] - -Dio.netty.processId: 9072 (auto-detected)
[${project.name}][${env:SERVER_PORT}] 2025-06-24 05:45:14,800 DEBUG
            [main][NetUtil.java:139] - -Djava.net.preferIPv4Stack: false
[${project.name}][${env:SERVER_PORT}] 2025-06-24 05:45:14,801 DEBUG
            [main][NetUtil.java:140] - -Djava.net.preferIPv6Addresses: false
[${project.name}][${env:SERVER_PORT}] 2025-06-24 05:45:16,000 DEBUG
            [main][NetUtil.java:224] - Loopback interface: [lo, Software Loopback Interface 1, 127.0.0.1] ([lo, Software Loopback Interface 1, 127.0.0.1], {})
[${project.name}][${env:SERVER_PORT}] 2025-06-24 05:45:16,002 DEBUG
            [main][NetUtil.java:289] - Failed to get SOMAXCONN from sysctl and file \proc\sys\net\core\somaxconn. Default: 200
[${project.name}][${env:SERVER_PORT}] 2025-06-24 05:45:17,474 DEBUG
            [main][DefaultChannelId.java:101] - -Dio.netty.machineId: 00:50:56:ff:fe:c0:00:01 (auto-detected)
[${project.name}][${env:SERVER_PORT}] 2025-06-24 05:45:17,506 DEBUG
            [main][ByteBufUtil.java:83] - -Dio.netty.allocator.type: pooled
[${project.name}][${env:SERVER_PORT}] 2025-06-24 05:45:17,507 DEBUG
            [main][ByteBufUtil.java:92] - -Dio.netty.threadLocalDirectBufferSize: 0
[${project.name}][${env:SERVER_PORT}] 2025-06-24 05:45:17,507 DEBUG
            [main][ByteBufUtil.java:95] - -Dio.netty.maxThreadLocalCharBufferSize: 16384
[${project.name}][${env:SERVER_PORT}] 2025-06-24 05:45:17,534 INFO
            [main][AbstractServer.java:73] -  [DUBBO] Start NettyServer bind /0.0.0.0:20891, export /192.168.2.115:20891, dubbo version: 2.7.3, current host: 192.168.2.115
[${project.name}][${env:SERVER_PORT}] 2025-06-24 05:45:17,547 INFO
            [main][AbstractRegistry.java:212] -  [DUBBO] Load registry cache file C:\Users\Administrator\.dubbo\dubbo-registry-merchant-application-127.0.0.1:8848.cache, data: {com.huiminpay.merchant.api.IMerchantService=dubbo://192.168.2.115:20890/com.huiminpay.merchant.api.IMerchantService?anyhost=true&application=merchant-service&bean.name=ServiceBean:com.huiminpay.merchant.api.IMerchantService&category=providers&deprecated=false&dubbo=2.0.2&dynamic=true&generic=false&interface=com.huiminpay.merchant.api.IMerchantService&methods=queryMerchantById&path=com.huiminpay.merchant.api.IMerchantService&pid=13620&protocol=dubbo&register=true&release=2.7.3&side=provider&timestamp=1750399433453, transaction-service/com.alibaba.cloud.dubbo.service.DubboMetadataService:1.0.0=dubbo://192.168.2.127:20893/com.alibaba.cloud.dubbo.service.DubboMetadataService?anyhost=true&application=transaction-service&category=providers&deprecated=false&dubbo=2.0.2&dynamic=true&generic=false&group=transaction-service&interface=com.alibaba.cloud.dubbo.service.DubboMetadataService&methods=getAllServiceKeys,getServiceRestMetadata,getExportedURLs,getAllExportedURLs&path=com.alibaba.cloud.dubbo.service.DubboMetadataService&pid=20312&protocol=dubbo&register=true&release=2.7.3&revision=2.1.0.RELEASE&side=provider&timestamp=1749914356250&version=1.0.0, com.huiminpay.merchant.api.AppService=dubbo://192.168.2.107:20890/com.huiminpay.merchant.api.AppService?anyhost=true&application=merchant-service&bean.name=ServiceBean:com.huiminpay.merchant.api.AppService&category=providers&deprecated=false&dubbo=2.0.2&dynamic=true&generic=false&interface=com.huiminpay.merchant.api.AppService&methods=findAppByAppId,createApp,findApp&path=com.huiminpay.merchant.api.AppService&pid=16412&protocol=dubbo&register=true&release=2.7.3&side=provider&timestamp=1749839572365, com.huiminpay.merchant.api.MerchantService=dubbo://192.168.2.107:20890/com.huiminpay.merchant.api.MerchantService?anyhost=true&application=merchant-service&bean.name=ServiceBean:com.huiminpay.merchant.api.MerchantService&category=providers&deprecated=false&dubbo=2.0.2&dynamic=true&generic=false&interface=com.huiminpay.merchant.api.MerchantService&methods=findMerchantById,createMerchant,updateMerchant&path=com.huiminpay.merchant.api.MerchantService&pid=16412&protocol=dubbo&register=true&release=2.7.3&side=provider&timestamp=1749839576477, user-service/com.alibaba.cloud.dubbo.service.DubboMetadataService:1.0.0=dubbo://172.16.7.106:20880/com.alibaba.cloud.dubbo.service.DubboMetadataService?anyhost=true&application=user-service&category=providers&deprecated=false&dubbo=2.0.2&dynamic=true&generic=false&group=user-service&interface=com.alibaba.cloud.dubbo.service.DubboMetadataService&methods=getAllServiceKeys,getServiceRestMetadata,getExportedURLs,getAllExportedURLs&path=com.alibaba.cloud.dubbo.service.DubboMetadataService&pid=9208&protocol=dubbo&register=true&release=2.7.3&revision=2.1.0.RELEASE&side=provider&timestamp=1704256557635&version=1.0.0, merchant-service/com.alibaba.cloud.dubbo.service.DubboMetadataService:1.0.0=dubbo://192.168.2.115:20890/com.alibaba.cloud.dubbo.service.DubboMetadataService?anyhost=true&application=merchant-service&category=providers&deprecated=false&dubbo=2.0.2&dynamic=true&generic=false&group=merchant-service&interface=com.alibaba.cloud.dubbo.service.DubboMetadataService&methods=getAllServiceKeys,getServiceRestMetadata,getExportedURLs,getAllExportedURLs&path=com.alibaba.cloud.dubbo.service.DubboMetadataService&pid=24980&protocol=dubbo&register=true&release=2.7.3&revision=2.1.0.RELEASE&side=provider&timestamp=1750693731974&version=1.0.0, uaa-service/com.alibaba.cloud.dubbo.service.DubboMetadataService:1.0.0=dubbo://172.16.7.106:20881/com.alibaba.cloud.dubbo.service.DubboMetadataService?anyhost=true&application=uaa-service&category=providers&deprecated=false&dubbo=2.0.2&dynamic=true&generic=false&group=uaa-service&interface=com.alibaba.cloud.dubbo.service.DubboMetadataService&methods=getAllServiceKeys,getServiceRestMetadata,getExportedURLs,getAllExportedURLs&path=com.alibaba.cloud.dubbo.service.DubboMetadataService&pid=16052&protocol=dubbo&register=true&release=2.7.3&revision=2.1.0.RELEASE&side=provider&timestamp=1704255996893&version=1.0.0, com.huiminpay.transaction.api.PayChannelService=dubbo://192.168.2.127:20893/com.huiminpay.transaction.api.PayChannelService?anyhost=true&application=transaction-service&bean.name=ServiceBean:com.huiminpay.transaction.api.PayChannelService&category=providers&deprecated=false&dubbo=2.0.2&dynamic=true&generic=false&interface=com.huiminpay.transaction.api.PayChannelService&methods=findAllPayChannelDTO,findAllPayChannelParamDTOS,createPayChannelParam,findPlatformChannel,findOnePayChannelParamDTO,bindAppToServiceType&path=com.huiminpay.transaction.api.PayChannelService&pid=20312&protocol=dubbo&register=true&release=2.7.3&side=provider&timestamp=1749914352646}, dubbo version: 2.7.3, current host: 192.168.2.115
[${project.name}][${env:SERVER_PORT}] 2025-06-24 05:45:17,550 INFO
            [main][AbstractRegistry.java:280] -  [DUBBO] Register: dubbo://192.168.2.115:20891/com.alibaba.cloud.dubbo.service.DubboMetadataService?anyhost=true&application=merchant-application&deprecated=false&dubbo=2.0.2&dynamic=true&generic=false&group=merchant-application&interface=com.alibaba.cloud.dubbo.service.DubboMetadataService&methods=getAllServiceKeys,getServiceRestMetadata,getExportedURLs,getAllExportedURLs&pid=9072&register=true&release=2.7.3&revision=2.1.0.RELEASE&side=provider&timestamp=1750736714407&version=1.0.0, dubbo version: 2.7.3, current host: 192.168.2.115
[${project.name}][${env:SERVER_PORT}] 2025-06-24 05:45:17,575 INFO
            [main][AbstractRegistry.java:305] -  [DUBBO] Subscribe: provider://192.168.2.115:20891/com.alibaba.cloud.dubbo.service.DubboMetadataService?anyhost=true&application=merchant-application&bind.ip=192.168.2.115&bind.port=20891&category=configurators&check=false&deprecated=false&dubbo=2.0.2&dynamic=true&generic=false&group=merchant-application&interface=com.alibaba.cloud.dubbo.service.DubboMetadataService&methods=getAllServiceKeys,getServiceRestMetadata,getExportedURLs,getAllExportedURLs&pid=9072&qos.enable=false&qos.port=22310&register=true&release=2.7.3&revision=2.1.0.RELEASE&side=provider&timestamp=1750736714407&version=1.0.0, dubbo version: 2.7.3, current host: 192.168.2.115
[${project.name}][${env:SERVER_PORT}] 2025-06-24 05:45:17,632 WARN
            [main][AbstractRegistry.java:395] -  [DUBBO] Ignore empty notify urls for subscribe url provider://192.168.2.115:20891/com.alibaba.cloud.dubbo.service.DubboMetadataService?anyhost=true&application=merchant-application&bind.ip=192.168.2.115&bind.port=20891&category=configurators&check=false&deprecated=false&dubbo=2.0.2&dynamic=true&generic=false&group=merchant-application&interface=com.alibaba.cloud.dubbo.service.DubboMetadataService&methods=getAllServiceKeys,getServiceRestMetadata,getExportedURLs,getAllExportedURLs&pid=9072&qos.enable=false&qos.port=22310&register=true&release=2.7.3&revision=2.1.0.RELEASE&side=provider&timestamp=1750736714407&version=1.0.0, dubbo version: 2.7.3, current host: 192.168.2.115
[${project.name}][${env:SERVER_PORT}] 2025-06-24 05:45:17,634 WARN
            [com.alibaba.nacos.naming.client.listener][AbstractRegistry.java:395] -  [DUBBO] Ignore empty notify urls for subscribe url provider://192.168.2.115:20891/com.alibaba.cloud.dubbo.service.DubboMetadataService?anyhost=true&application=merchant-application&bind.ip=192.168.2.115&bind.port=20891&category=configurators&check=false&deprecated=false&dubbo=2.0.2&dynamic=true&generic=false&group=merchant-application&interface=com.alibaba.cloud.dubbo.service.DubboMetadataService&methods=getAllServiceKeys,getServiceRestMetadata,getExportedURLs,getAllExportedURLs&pid=9072&qos.enable=false&qos.port=22310&register=true&release=2.7.3&revision=2.1.0.RELEASE&side=provider&timestamp=1750736714407&version=1.0.0, dubbo version: 2.7.3, current host: 192.168.2.115
[${project.name}][${env:SERVER_PORT}] 2025-06-24 05:45:17,634 INFO
            [main][DubboMetadataServiceExporter.java:86] - The Dubbo service[<dubbo:service path="com.alibaba.cloud.dubbo.service.DubboMetadataService" ref="com.alibaba.cloud.dubbo.service.IntrospectiveDubboMetadataService@2db461b5" prefix="dubbo.service.com.alibaba.cloud.dubbo.service.DubboMetadataService" generic="false" exported="true" unexported="false" interface="com.alibaba.cloud.dubbo.service.DubboMetadataService" dynamic="true" version="1.0.0" group="merchant-application" register="true" deprecated="false" id="com.alibaba.cloud.dubbo.service.DubboMetadataService" valid="true" />] has been exported.
[${project.name}][${env:SERVER_PORT}] 2025-06-24 05:45:17,679 INFO
            [main][NacosServiceRegistry.java:62] - nacos registry, merchant-application 192.168.25.1:57010 register finished
[${project.name}][${env:SERVER_PORT}] 2025-06-24 05:45:17,688 INFO
            [main][StartupInfoLogger.java:59] - Started MerchantApplicationBootstrap in 27.04 seconds (JVM running for 29.22)
[${project.name}][${env:SERVER_PORT}] 2025-06-24 05:45:19,733 INFO
            [RMI TCP Connection(7)-192.168.2.115][DirectJDKLog.java:173] - Initializing Spring DispatcherServlet 'dispatcherServlet'
[${project.name}][${env:SERVER_PORT}] 2025-06-24 05:45:19,733 INFO
            [RMI TCP Connection(7)-192.168.2.115][FrameworkServlet.java:524] - Initializing Servlet 'dispatcherServlet'
[${project.name}][${env:SERVER_PORT}] 2025-06-24 05:45:19,759 INFO
            [RMI TCP Connection(7)-192.168.2.115][FrameworkServlet.java:546] - Completed initialization in 25 ms
[${project.name}][${env:SERVER_PORT}] 2025-06-24 05:45:44,061 WARN
            [ThreadPoolTaskScheduler-1][DubboServiceMetadataRepository.java:216] - Current application will subscribe all services(size:1) in registry, a lot of memory and CPU cycles may be used, thus it's strongly recommend you using the externalized property 'dubbo.cloud.subscribed-services' to specify the services
[${project.name}][${env:SERVER_PORT}] 2025-06-24 05:46:14,076 WARN
            [ThreadPoolTaskScheduler-1][DubboServiceMetadataRepository.java:216] - Current application will subscribe all services(size:1) in registry, a lot of memory and CPU cycles may be used, thus it's strongly recommend you using the externalized property 'dubbo.cloud.subscribed-services' to specify the services
[${project.name}][${env:SERVER_PORT}] 2025-06-24 05:46:44,087 WARN
            [ThreadPoolTaskScheduler-1][DubboServiceMetadataRepository.java:216] - Current application will subscribe all services(size:1) in registry, a lot of memory and CPU cycles may be used, thus it's strongly recommend you using the externalized property 'dubbo.cloud.subscribed-services' to specify the services
[${project.name}][${env:SERVER_PORT}] 2025-06-24 05:47:14,096 WARN
            [ThreadPoolTaskScheduler-1][DubboServiceMetadataRepository.java:216] - Current application will subscribe all services(size:1) in registry, a lot of memory and CPU cycles may be used, thus it's strongly recommend you using the externalized property 'dubbo.cloud.subscribed-services' to specify the services
[${project.name}][${env:SERVER_PORT}] 2025-06-24 05:47:44,102 WARN
            [ThreadPoolTaskScheduler-1][DubboServiceMetadataRepository.java:216] - Current application will subscribe all services(size:1) in registry, a lot of memory and CPU cycles may be used, thus it's strongly recommend you using the externalized property 'dubbo.cloud.subscribed-services' to specify the services
[${project.name}][${env:SERVER_PORT}] 2025-06-24 05:48:14,112 WARN
            [ThreadPoolTaskScheduler-1][DubboServiceMetadataRepository.java:216] - Current application will subscribe all services(size:1) in registry, a lot of memory and CPU cycles may be used, thus it's strongly recommend you using the externalized property 'dubbo.cloud.subscribed-services' to specify the services
[${project.name}][${env:SERVER_PORT}] 2025-06-24 05:48:44,121 WARN
            [ThreadPoolTaskScheduler-1][DubboServiceMetadataRepository.java:216] - Current application will subscribe all services(size:1) in registry, a lot of memory and CPU cycles may be used, thus it's strongly recommend you using the externalized property 'dubbo.cloud.subscribed-services' to specify the services
[${project.name}][${env:SERVER_PORT}] 2025-06-24 05:49:14,135 WARN
            [ThreadPoolTaskScheduler-1][DubboServiceMetadataRepository.java:216] - Current application will subscribe all services(size:1) in registry, a lot of memory and CPU cycles may be used, thus it's strongly recommend you using the externalized property 'dubbo.cloud.subscribed-services' to specify the services
[${project.name}][${env:SERVER_PORT}] 2025-06-24 05:49:44,141 WARN
            [ThreadPoolTaskScheduler-1][DubboServiceMetadataRepository.java:216] - Current application will subscribe all services(size:1) in registry, a lot of memory and CPU cycles may be used, thus it's strongly recommend you using the externalized property 'dubbo.cloud.subscribed-services' to specify the services
[${project.name}][${env:SERVER_PORT}] 2025-06-24 05:50:14,148 WARN
            [ThreadPoolTaskScheduler-1][DubboServiceMetadataRepository.java:216] - Current application will subscribe all services(size:1) in registry, a lot of memory and CPU cycles may be used, thus it's strongly recommend you using the externalized property 'dubbo.cloud.subscribed-services' to specify the services
[${project.name}][${env:SERVER_PORT}] 2025-06-24 05:50:44,157 WARN
            [ThreadPoolTaskScheduler-1][DubboServiceMetadataRepository.java:216] - Current application will subscribe all services(size:1) in registry, a lot of memory and CPU cycles may be used, thus it's strongly recommend you using the externalized property 'dubbo.cloud.subscribed-services' to specify the services
[${project.name}][${env:SERVER_PORT}] 2025-06-24 05:51:14,178 WARN
            [ThreadPoolTaskScheduler-1][DubboServiceMetadataRepository.java:216] - Current application will subscribe all services(size:1) in registry, a lot of memory and CPU cycles may be used, thus it's strongly recommend you using the externalized property 'dubbo.cloud.subscribed-services' to specify the services
[${project.name}][${env:SERVER_PORT}] 2025-06-24 05:51:44,196 WARN
            [ThreadPoolTaskScheduler-1][DubboServiceMetadataRepository.java:216] - Current application will subscribe all services(size:1) in registry, a lot of memory and CPU cycles may be used, thus it's strongly recommend you using the externalized property 'dubbo.cloud.subscribed-services' to specify the services
[${project.name}][${env:SERVER_PORT}] 2025-06-24 05:52:14,209 WARN
            [ThreadPoolTaskScheduler-1][DubboServiceMetadataRepository.java:216] - Current application will subscribe all services(size:1) in registry, a lot of memory and CPU cycles may be used, thus it's strongly recommend you using the externalized property 'dubbo.cloud.subscribed-services' to specify the services
[${project.name}][${env:SERVER_PORT}] 2025-06-24 05:52:44,219 WARN
            [ThreadPoolTaskScheduler-1][DubboServiceMetadataRepository.java:216] - Current application will subscribe all services(size:1) in registry, a lot of memory and CPU cycles may be used, thus it's strongly recommend you using the externalized property 'dubbo.cloud.subscribed-services' to specify the services
[${project.name}][${env:SERVER_PORT}] 2025-06-24 05:53:14,238 WARN
            [ThreadPoolTaskScheduler-1][DubboServiceMetadataRepository.java:216] - Current application will subscribe all services(size:1) in registry, a lot of memory and CPU cycles may be used, thus it's strongly recommend you using the externalized property 'dubbo.cloud.subscribed-services' to specify the services
[${project.name}][${env:SERVER_PORT}] 2025-06-24 05:53:44,252 WARN
            [ThreadPoolTaskScheduler-1][DubboServiceMetadataRepository.java:216] - Current application will subscribe all services(size:1) in registry, a lot of memory and CPU cycles may be used, thus it's strongly recommend you using the externalized property 'dubbo.cloud.subscribed-services' to specify the services
[${project.name}][${env:SERVER_PORT}] 2025-06-24 05:54:14,268 WARN
            [ThreadPoolTaskScheduler-1][DubboServiceMetadataRepository.java:216] - Current application will subscribe all services(size:1) in registry, a lot of memory and CPU cycles may be used, thus it's strongly recommend you using the externalized property 'dubbo.cloud.subscribed-services' to specify the services
[${project.name}][${env:SERVER_PORT}] 2025-06-24 05:54:44,285 WARN
            [ThreadPoolTaskScheduler-1][DubboServiceMetadataRepository.java:216] - Current application will subscribe all services(size:1) in registry, a lot of memory and CPU cycles may be used, thus it's strongly recommend you using the externalized property 'dubbo.cloud.subscribed-services' to specify the services
[${project.name}][${env:SERVER_PORT}] 2025-06-24 05:55:14,304 WARN
            [ThreadPoolTaskScheduler-1][DubboServiceMetadataRepository.java:216] - Current application will subscribe all services(size:1) in registry, a lot of memory and CPU cycles may be used, thus it's strongly recommend you using the externalized property 'dubbo.cloud.subscribed-services' to specify the services
[${project.name}][${env:SERVER_PORT}] 2025-06-24 05:55:44,319 WARN
            [ThreadPoolTaskScheduler-1][DubboServiceMetadataRepository.java:216] - Current application will subscribe all services(size:1) in registry, a lot of memory and CPU cycles may be used, thus it's strongly recommend you using the externalized property 'dubbo.cloud.subscribed-services' to specify the services
[${project.name}][${env:SERVER_PORT}] 2025-06-24 05:56:14,332 WARN
            [ThreadPoolTaskScheduler-1][DubboServiceMetadataRepository.java:216] - Current application will subscribe all services(size:1) in registry, a lot of memory and CPU cycles may be used, thus it's strongly recommend you using the externalized property 'dubbo.cloud.subscribed-services' to specify the services
[${project.name}][${env:SERVER_PORT}] 2025-06-24 05:56:44,343 WARN
            [ThreadPoolTaskScheduler-1][DubboServiceMetadataRepository.java:216] - Current application will subscribe all services(size:1) in registry, a lot of memory and CPU cycles may be used, thus it's strongly recommend you using the externalized property 'dubbo.cloud.subscribed-services' to specify the services
[${project.name}][${env:SERVER_PORT}] 2025-06-24 05:57:14,361 WARN
            [ThreadPoolTaskScheduler-1][DubboServiceMetadataRepository.java:216] - Current application will subscribe all services(size:1) in registry, a lot of memory and CPU cycles may be used, thus it's strongly recommend you using the externalized property 'dubbo.cloud.subscribed-services' to specify the services
[${project.name}][${env:SERVER_PORT}] 2025-06-24 05:57:44,374 WARN
            [ThreadPoolTaskScheduler-1][DubboServiceMetadataRepository.java:216] - Current application will subscribe all services(size:1) in registry, a lot of memory and CPU cycles may be used, thus it's strongly recommend you using the externalized property 'dubbo.cloud.subscribed-services' to specify the services
[${project.name}][${env:SERVER_PORT}] 2025-06-24 05:58:14,396 WARN
            [ThreadPoolTaskScheduler-1][DubboServiceMetadataRepository.java:216] - Current application will subscribe all services(size:1) in registry, a lot of memory and CPU cycles may be used, thus it's strongly recommend you using the externalized property 'dubbo.cloud.subscribed-services' to specify the services
[${project.name}][${env:SERVER_PORT}] 2025-06-24 05:58:44,410 WARN
            [ThreadPoolTaskScheduler-1][DubboServiceMetadataRepository.java:216] - Current application will subscribe all services(size:1) in registry, a lot of memory and CPU cycles may be used, thus it's strongly recommend you using the externalized property 'dubbo.cloud.subscribed-services' to specify the services
[${project.name}][${env:SERVER_PORT}] 2025-06-24 05:59:14,416 WARN
            [ThreadPoolTaskScheduler-1][DubboServiceMetadataRepository.java:216] - Current application will subscribe all services(size:1) in registry, a lot of memory and CPU cycles may be used, thus it's strongly recommend you using the externalized property 'dubbo.cloud.subscribed-services' to specify the services
[${project.name}][${env:SERVER_PORT}] 2025-06-24 05:59:44,435 WARN
            [ThreadPoolTaskScheduler-1][DubboServiceMetadataRepository.java:216] - Current application will subscribe all services(size:1) in registry, a lot of memory and CPU cycles may be used, thus it's strongly recommend you using the externalized property 'dubbo.cloud.subscribed-services' to specify the services
