[${project.name}][${env:SERVER_PORT}] 2025-05-21 08:48:02,568 INFO [main][StartupInfoLogger.java:50] - Starting SailingBootstrap on lijun with PID 13824 (E:\sailing\target\classes started by Administrator in E:\sailing)
[${project.name}][${env:SERVER_PORT}] 2025-05-21 08:48:02,577 INFO [main][SpringApplication.java:675] - No active profile set, falling back to default profiles: default
[${project.name}][${env:SERVER_PORT}] 2025-05-21 08:48:03,846 INFO [main][RepositoryConfigurationDelegate.java:244] - Multiple Spring Data modules found, entering strict repository configuration mode!
[${project.name}][${env:SERVER_PORT}] 2025-05-21 08:48:03,849 INFO [main][RepositoryConfigurationDelegate.java:126] - Bootstrapping Spring Data repositories in DEFAULT mode.
[${project.name}][${env:SERVER_PORT}] 2025-05-21 08:48:03,874 INFO [main][RepositoryConfigurationDelegate.java:182] - Finished Spring Data repository scanning in 15ms. Found 0 repository interfaces.
[${project.name}][${env:SERVER_PORT}] 2025-05-21 08:48:04,299 INFO [main][TomcatWebServer.java:90] - Tomcat initialized with port(s): 56085 (http)
[${project.name}][${env:SERVER_PORT}] 2025-05-21 08:48:04,309 INFO [main][DirectJDKLog.java:173] - Initializing ProtocolHandler ["http-nio-56085"]
[${project.name}][${env:SERVER_PORT}] 2025-05-21 08:48:04,316 INFO [main][DirectJDKLog.java:173] - Starting service [Tomcat]
[${project.name}][${env:SERVER_PORT}] 2025-05-21 08:48:04,316 INFO [main][DirectJDKLog.java:173] - Starting Servlet engine: [Apache Tomcat/9.0.16]
[${project.name}][${env:SERVER_PORT}] 2025-05-21 08:48:04,371 INFO [main][DirectJDKLog.java:173] - The APR based Apache Tomcat Native library which allows optimal performance in production environments was not found on the java.library.path: [C:\Program Files\Java\jdk1.8.0_131\bin;C:\Windows\Sun\Java\bin;C:\Windows\system32;C:\Windows;C:\Program Files\Common Files\Oracle\Java\javapath;E:\product\11.2.0\dbhome_1\bin;C:/Program Files/Java/jdk-11.0.15\bin;C:\ProgramData\Oracle\Java\javapath;C:\Windows\system32;C:\Windows;C:\Windows\System32\Wbem;C:\Windows\System32\WindowsPowerShell\v1.0\;C:\Windows\System32\OpenSSH\;C:\Program Files (x86)\NVIDIA Corporation\PhysX\Common;C:\Program Files\NVIDIA Corporation\NVIDIA NvDLISR;D:\Program Files (x86)\MySQL\MySQL Server 5.5\bin;D:\apache-maven-3.8.2\bin;E:\otp\erl-23.3\bin;E:\ElasticS\node;E:\ElasticS\node\node_modules;D:\yarn\bin\;C:\web\huimin-web\node_modules\bin;C:\Program Files\MySQL\MySQL Server 5.5\bin;D:\Git\cmd;C:\Program Files\dotnet\;E:\redis;;C:\Program Files\Docker\Docker\resources\bin;C:\Users\Administrator\AppData\Local\Microsoft\WindowsApps;D:\Users\Administrator\AppData\Local\Programs\Microsoft VS Code\bin;C:\Users\Administrator\AppData\Roaming\npm;C:\Users\Administrator\AppData\Local\Yarn\bin;C:\Users\Administrator\AppData\Local\GitHubDesktop\bin;.]
[${project.name}][${env:SERVER_PORT}] 2025-05-21 08:48:04,472 INFO [main][DirectJDKLog.java:173] - Initializing Spring embedded WebApplicationContext
[${project.name}][${env:SERVER_PORT}] 2025-05-21 08:48:04,473 INFO [main][ServletWebServerApplicationContext.java:296] - Root WebApplicationContext: initialization completed in 1858 ms
[${project.name}][${env:SERVER_PORT}] 2025-05-21 08:48:05,062 INFO [main][EndpointLinksResolver.java:59] - Exposing 2 endpoint(s) beneath base path '/actuator'
[${project.name}][${env:SERVER_PORT}] 2025-05-21 08:48:05,107 INFO [main][PropertySourcedRequestMappingHandlerMapping.java:69] - Mapped URL path [/v2/api-docs] onto method [public org.springframework.http.ResponseEntity<springfox.documentation.spring.web.json.Json> springfox.documentation.swagger2.web.Swagger2Controller.getDocumentation(java.lang.String,javax.servlet.http.HttpServletRequest)]
[${project.name}][${env:SERVER_PORT}] 2025-05-21 08:48:05,186 INFO [main][ExecutorConfigurationSupport.java:171] - Initializing ExecutorService 'applicationTaskExecutor'
[${project.name}][${env:SERVER_PORT}] 2025-05-21 08:48:05,378 INFO [main][DocumentationPluginsBootstrapper.java:160] - Context refreshed
[${project.name}][${env:SERVER_PORT}] 2025-05-21 08:48:05,390 INFO [main][DocumentationPluginsBootstrapper.java:163] - Found 1 custom documentation plugin(s)
[${project.name}][${env:SERVER_PORT}] 2025-05-21 08:48:05,408 INFO [main][ApiListingReferenceScanner.java:41] - Scanning for api listing references
[${project.name}][${env:SERVER_PORT}] 2025-05-21 08:48:05,495 INFO [main][DirectJDKLog.java:173] - Starting ProtocolHandler ["http-nio-56085"]
[${project.name}][${env:SERVER_PORT}] 2025-05-21 08:48:05,512 INFO [main][TomcatWebServer.java:204] - Tomcat started on port(s): 56085 (http) with context path '/sailing'
[${project.name}][${env:SERVER_PORT}] 2025-05-21 08:48:05,514 INFO [main][StartupInfoLogger.java:59] - Started SailingBootstrap in 3.339 seconds (JVM running for 5.516)
[${project.name}][${env:SERVER_PORT}] 2025-05-21 08:48:06,132 INFO [RMI TCP Connection(3)-192.168.2.124][DirectJDKLog.java:173] - Initializing Spring DispatcherServlet 'dispatcherServlet'
[${project.name}][${env:SERVER_PORT}] 2025-05-21 08:48:06,132 INFO [RMI TCP Connection(3)-192.168.2.124][FrameworkServlet.java:524] - Initializing Servlet 'dispatcherServlet'
[${project.name}][${env:SERVER_PORT}] 2025-05-21 08:48:06,136 INFO [RMI TCP Connection(3)-192.168.2.124][FrameworkServlet.java:546] - Completed initialization in 4 ms
[${project.name}][${env:SERVER_PORT}] 2025-05-21 08:48:06,190 INFO [RMI TCP Connection(4)-192.168.2.124][EpollProvider.java:68] - Starting without optional epoll library
[${project.name}][${env:SERVER_PORT}] 2025-05-21 08:48:06,191 INFO [RMI TCP Connection(4)-192.168.2.124][KqueueProvider.java:70] - Starting without optional kqueue library
[${project.name}][${env:SERVER_PORT}] 2025-05-21 08:48:32,128 INFO [http-nio-56085-exec-1][QCloudSmsService.java:55] - 给手机号：12345611166 发送验证码：112628
[${project.name}][${env:SERVER_PORT}] 2025-05-21 08:49:46,273 INFO [http-nio-56085-exec-3][QCloudSmsService.java:55] - 给手机号：125689732123 发送验证码：639904
[${project.name}][${env:SERVER_PORT}] 2025-05-21 08:54:21,439 INFO [http-nio-56085-exec-5][QCloudSmsService.java:55] - 给手机号：125689732123 发送验证码：562039
[${project.name}][${env:SERVER_PORT}] 2025-05-21 08:54:27,126 INFO [http-nio-56085-exec-6][QCloudSmsService.java:55] - 给手机号：125689732127 发送验证码：867540
[${project.name}][${env:SERVER_PORT}] 2025-05-21 08:58:32,648 INFO [http-nio-56085-exec-8][QCloudSmsService.java:55] - 给手机号：125689732727 发送验证码：843435
