[${project.name}][${env:SERVER_PORT}] 2025-05-05 12:06:45,791 INFO
            [main][AbstractTestContextBootstrapper.java:308] - Neither @ContextConfiguration nor @ContextHierarchy found for test class [com.huiminpay.merchant.RestTemplateTest], using SpringBootContextLoader
[${project.name}][${env:SERVER_PORT}] 2025-05-05 12:06:45,806 INFO
            [main][AbstractContextLoader.java:264] - Could not detect default resource locations for test class [com.huiminpay.merchant.RestTemplateTest]: no resource found for suffixes {-context.xml, Context.groovy}.
[${project.name}][${env:SERVER_PORT}] 2025-05-05 12:06:45,807 INFO
            [main][AnnotationConfigContextLoaderUtils.java:83] - Could not detect default configuration classes for test class [com.huiminpay.merchant.RestTemplateTest]: RestTemplateTest does not declare any static, non-private, non-final, nested classes annotated with @Configuration.
[${project.name}][${env:SERVER_PORT}] 2025-05-05 12:06:45,939 INFO
            [main][SpringBootTestContextBootstrapper.java:247] - Found @SpringBootConfiguration com.huiminpay.merchant.MerchantApplicationBootstrap for test class com.huiminpay.merchant.RestTemplateTest
[${project.name}][${env:SERVER_PORT}] 2025-05-05 12:06:46,028 INFO
            [main][AbstractTestContextBootstrapper.java:248] - Loaded default TestExecutionListener class names from location [META-INF/spring.factories]: [org.springframework.boot.test.mock.mockito.MockitoTestExecutionListener, org.springframework.boot.test.mock.mockito.ResetMocksTestExecutionListener, org.springframework.boot.test.autoconfigure.restdocs.RestDocsTestExecutionListener, org.springframework.boot.test.autoconfigure.web.client.MockRestServiceServerResetTestExecutionListener, org.springframework.boot.test.autoconfigure.web.servlet.MockMvcPrintOnlyOnFailureTestExecutionListener, org.springframework.boot.test.autoconfigure.web.servlet.WebDriverTestExecutionListener, org.springframework.test.context.web.ServletTestExecutionListener, org.springframework.test.context.support.DirtiesContextBeforeModesTestExecutionListener, org.springframework.test.context.support.DependencyInjectionTestExecutionListener, org.springframework.test.context.support.DirtiesContextTestExecutionListener, org.springframework.test.context.transaction.TransactionalTestExecutionListener, org.springframework.test.context.jdbc.SqlScriptsTestExecutionListener]
[${project.name}][${env:SERVER_PORT}] 2025-05-05 12:06:46,039 INFO
            [main][AbstractTestContextBootstrapper.java:177] - Using TestExecutionListeners: [org.springframework.test.context.web.ServletTestExecutionListener@1e16c0aa, org.springframework.test.context.support.DirtiesContextBeforeModesTestExecutionListener@13d73f29, org.springframework.boot.test.mock.mockito.MockitoTestExecutionListener@565f390, org.springframework.boot.test.autoconfigure.SpringBootDependencyInjectionTestExecutionListener@7dc3712, org.springframework.test.context.support.DirtiesContextTestExecutionListener@2f67a4d3, org.springframework.boot.test.mock.mockito.ResetMocksTestExecutionListener@5e3f861, org.springframework.boot.test.autoconfigure.restdocs.RestDocsTestExecutionListener@2fb0623e, org.springframework.boot.test.autoconfigure.web.client.MockRestServiceServerResetTestExecutionListener@49b2a47d, org.springframework.boot.test.autoconfigure.web.servlet.MockMvcPrintOnlyOnFailureTestExecutionListener@5be1d0a4, org.springframework.boot.test.autoconfigure.web.servlet.WebDriverTestExecutionListener@415b0b49]
[${project.name}][${env:SERVER_PORT}] 2025-05-05 12:06:47,065 INFO
            [main][:] - using logger: org.apache.dubbo.common.logger.slf4j.Slf4jLoggerAdapter
[${project.name}][${env:SERVER_PORT}] 2025-05-05 12:06:47,070 INFO
            [main][WelcomeLogoApplicationListener.java:63] - 

 :: Dubbo Spring Boot (v2.7.1) : https://github.com/apache/incubator-dubbo-spring-boot-project
 :: Dubbo (v2.7.3) : https://github.com/apache/incubator-dubbo
 :: Discuss group : dev@dubbo.apache.org

[${project.name}][${env:SERVER_PORT}] 2025-05-05 12:06:47,076 INFO
            [main][OverrideDubboConfigApplicationListener.java:68] - Dubbo Config was overridden by externalized configuration {dubbo.application.name=merchant-application, dubbo.application.qos-enable=false, dubbo.application.qos.port=22310, dubbo.config.multiple=true, dubbo.consumer.check=false, dubbo.consumer.retries=-1, dubbo.consumer.timeout=3000, dubbo.protocol.name=dubbo, dubbo.protocol.port=20891, dubbo.registry.address=nacos://127.0.0.1:8848, dubbo.scan.base‐packages=com.huiminpay}
[${project.name}][${env:SERVER_PORT}] 2025-05-05 12:06:47,497 INFO
            [main][PostProcessorRegistrationDelegate.java:330] - Bean 'org.springframework.cloud.autoconfigure.ConfigurationPropertiesRebinderAutoConfiguration' of type [org.springframework.cloud.autoconfigure.ConfigurationPropertiesRebinderAutoConfiguration$$EnhancerBySpringCGLIB$$572e2af2] is not eligible for getting processed by all BeanPostProcessors (for example: not eligible for auto-proxying)
[${project.name}][${env:SERVER_PORT}] 2025-05-05 12:06:47,574 INFO
            [pool-3-thread-1][AwaitingNonWebApplicationListener.java:140] -  [Dubbo] Current Spring Boot Application is await...
[${project.name}][${env:SERVER_PORT}] 2025-05-05 12:06:48,312 INFO
            [main][OverrideDubboConfigApplicationListener.java:68] - Dubbo Config was overridden by externalized configuration {dubbo.application.name=merchant-application, dubbo.application.qos-enable=false, dubbo.application.qos.port=22310, dubbo.config.multiple=true, dubbo.consumer.check=false, dubbo.consumer.retries=-1, dubbo.consumer.timeout=3000, dubbo.protocol.name=dubbo, dubbo.protocol.port=20891, dubbo.registry.address=nacos://127.0.0.1:8848, dubbo.scan.base‐packages=com.huiminpay}
[${project.name}][${env:SERVER_PORT}] 2025-05-05 12:06:48,788 INFO
            [main][NacosPropertySourceBuilder.java:87] - Loading nacos data, dataId: 'spring-boot-http.yaml', group: 'COMMON_GROUP'
[${project.name}][${env:SERVER_PORT}] 2025-05-05 12:06:48,795 INFO
            [main][NacosPropertySourceBuilder.java:87] - Loading nacos data, dataId: 'merchant-application.yaml', group: 'HUIMINPAY_GROUP'
[${project.name}][${env:SERVER_PORT}] 2025-05-05 12:06:48,797 INFO
            [main][PropertySourceBootstrapConfiguration.java:98] - Located property source: CompositePropertySource {name='NACOS', propertySources=[NacosPropertySource@424944647 {name='merchant-application.yaml', properties={oss.aliyun.bucket=huimin-qianba, oss.aliyun.domain=https://huimin-qianba.oss-cn-beijing.aliyuncs.com/, sms.url=http://localhost:56085/sailing, oss.aliyun.accessKeyId=LTAI5t7dSDTZxJr4tnK1nHGF, swagger.enable=true, server.servlet.context-path=/merchant, sms.effectiveTime=600, oss.aliyun.endpoint=oss-cn-beijing.aliyuncs.com, oss.aliyun.accessKeySecret=kbcSY5tn7pmQ881EsFQgQMereRVrKr}}, NacosPropertySource@1872088401 {name='spring-boot-http.yaml', properties={management.endpoints.web.exposure.include=refresh,health,info,env, http.encoding.enabled=true, http.messages.encoding=UTF‐8, server.use‐forward-headers=true, server.servlet.context-path=/, http.encoding.charset=UTF‐8, server.tomcat.protocol_header=x‐forwarded‐proto, server.tomcat.remote_ip_header=x‐forwarded‐for, http.encoding.force=true}}]}
[${project.name}][${env:SERVER_PORT}] 2025-05-05 12:06:48,819 INFO
            [main][SpringApplication.java:675] - No active profile set, falling back to default profiles: default
[${project.name}][${env:SERVER_PORT}] 2025-05-05 12:06:49,641 WARN
            [main][EndpointId.java:135] - Endpoint ID 'nacos-config' contains invalid characters, please migrate to a valid format.
[${project.name}][${env:SERVER_PORT}] 2025-05-05 12:06:49,644 WARN
            [main][EndpointId.java:135] - Endpoint ID 'nacos-discovery' contains invalid characters, please migrate to a valid format.
[${project.name}][${env:SERVER_PORT}] 2025-05-05 12:06:49,652 DEBUG
            [main][DubboConfigBindingRegistrar.java:96] - There is no property for binding to dubbo config class [org.apache.dubbo.config.ApplicationConfig] within prefix [dubbo.applications]
[${project.name}][${env:SERVER_PORT}] 2025-05-05 12:06:49,653 DEBUG
            [main][DubboConfigBindingRegistrar.java:96] - There is no property for binding to dubbo config class [org.apache.dubbo.config.ModuleConfig] within prefix [dubbo.modules]
[${project.name}][${env:SERVER_PORT}] 2025-05-05 12:06:49,653 DEBUG
            [main][DubboConfigBindingRegistrar.java:96] - There is no property for binding to dubbo config class [org.apache.dubbo.config.RegistryConfig] within prefix [dubbo.registries]
[${project.name}][${env:SERVER_PORT}] 2025-05-05 12:06:49,654 DEBUG
            [main][DubboConfigBindingRegistrar.java:96] - There is no property for binding to dubbo config class [org.apache.dubbo.config.ProtocolConfig] within prefix [dubbo.protocols]
[${project.name}][${env:SERVER_PORT}] 2025-05-05 12:06:49,654 DEBUG
            [main][DubboConfigBindingRegistrar.java:96] - There is no property for binding to dubbo config class [org.apache.dubbo.config.MonitorConfig] within prefix [dubbo.monitors]
[${project.name}][${env:SERVER_PORT}] 2025-05-05 12:06:49,654 DEBUG
            [main][DubboConfigBindingRegistrar.java:96] - There is no property for binding to dubbo config class [org.apache.dubbo.config.ProviderConfig] within prefix [dubbo.providers]
[${project.name}][${env:SERVER_PORT}] 2025-05-05 12:06:49,655 DEBUG
            [main][DubboConfigBindingRegistrar.java:96] - There is no property for binding to dubbo config class [org.apache.dubbo.config.ConsumerConfig] within prefix [dubbo.consumers]
[${project.name}][${env:SERVER_PORT}] 2025-05-05 12:06:49,655 DEBUG
            [main][DubboConfigBindingRegistrar.java:96] - There is no property for binding to dubbo config class [org.apache.dubbo.config.spring.ConfigCenterBean] within prefix [dubbo.config-centers]
[${project.name}][${env:SERVER_PORT}] 2025-05-05 12:06:49,655 DEBUG
            [main][DubboConfigBindingRegistrar.java:96] - There is no property for binding to dubbo config class [org.apache.dubbo.config.MetadataReportConfig] within prefix [dubbo.metadata-reports]
[${project.name}][${env:SERVER_PORT}] 2025-05-05 12:06:49,657 INFO
            [main][DubboConfigBindingRegistrar.java:127] - The dubbo config bean definition [name : org.apache.dubbo.config.ApplicationConfig#0, class : org.apache.dubbo.config.ApplicationConfig] has been registered.
[${project.name}][${env:SERVER_PORT}] 2025-05-05 12:06:49,658 INFO
            [main][DubboConfigBindingRegistrar.java:151] - The BeanPostProcessor bean definition [org.apache.dubbo.config.spring.beans.factory.annotation.DubboConfigBindingBeanPostProcessor] for dubbo config bean [name : org.apache.dubbo.config.ApplicationConfig#0] has been registered.
[${project.name}][${env:SERVER_PORT}] 2025-05-05 12:06:49,658 DEBUG
            [main][DubboConfigBindingRegistrar.java:96] - There is no property for binding to dubbo config class [org.apache.dubbo.config.ModuleConfig] within prefix [dubbo.module]
[${project.name}][${env:SERVER_PORT}] 2025-05-05 12:06:49,659 INFO
            [main][DubboConfigBindingRegistrar.java:127] - The dubbo config bean definition [name : org.apache.dubbo.config.RegistryConfig#0, class : org.apache.dubbo.config.RegistryConfig] has been registered.
[${project.name}][${env:SERVER_PORT}] 2025-05-05 12:06:49,659 INFO
            [main][DubboConfigBindingRegistrar.java:151] - The BeanPostProcessor bean definition [org.apache.dubbo.config.spring.beans.factory.annotation.DubboConfigBindingBeanPostProcessor] for dubbo config bean [name : org.apache.dubbo.config.RegistryConfig#0] has been registered.
[${project.name}][${env:SERVER_PORT}] 2025-05-05 12:06:49,659 INFO
            [main][DubboConfigBindingRegistrar.java:127] - The dubbo config bean definition [name : org.apache.dubbo.config.ProtocolConfig#0, class : org.apache.dubbo.config.ProtocolConfig] has been registered.
[${project.name}][${env:SERVER_PORT}] 2025-05-05 12:06:49,660 INFO
            [main][DubboConfigBindingRegistrar.java:151] - The BeanPostProcessor bean definition [org.apache.dubbo.config.spring.beans.factory.annotation.DubboConfigBindingBeanPostProcessor] for dubbo config bean [name : org.apache.dubbo.config.ProtocolConfig#0] has been registered.
[${project.name}][${env:SERVER_PORT}] 2025-05-05 12:06:49,660 DEBUG
            [main][DubboConfigBindingRegistrar.java:96] - There is no property for binding to dubbo config class [org.apache.dubbo.config.MonitorConfig] within prefix [dubbo.monitor]
[${project.name}][${env:SERVER_PORT}] 2025-05-05 12:06:49,660 DEBUG
            [main][DubboConfigBindingRegistrar.java:96] - There is no property for binding to dubbo config class [org.apache.dubbo.config.ProviderConfig] within prefix [dubbo.provider]
[${project.name}][${env:SERVER_PORT}] 2025-05-05 12:06:49,660 INFO
            [main][DubboConfigBindingRegistrar.java:127] - The dubbo config bean definition [name : org.apache.dubbo.config.ConsumerConfig#0, class : org.apache.dubbo.config.ConsumerConfig] has been registered.
[${project.name}][${env:SERVER_PORT}] 2025-05-05 12:06:49,661 INFO
            [main][DubboConfigBindingRegistrar.java:151] - The BeanPostProcessor bean definition [org.apache.dubbo.config.spring.beans.factory.annotation.DubboConfigBindingBeanPostProcessor] for dubbo config bean [name : org.apache.dubbo.config.ConsumerConfig#0] has been registered.
[${project.name}][${env:SERVER_PORT}] 2025-05-05 12:06:49,661 DEBUG
            [main][DubboConfigBindingRegistrar.java:96] - There is no property for binding to dubbo config class [org.apache.dubbo.config.spring.ConfigCenterBean] within prefix [dubbo.config-center]
[${project.name}][${env:SERVER_PORT}] 2025-05-05 12:06:49,661 DEBUG
            [main][DubboConfigBindingRegistrar.java:96] - There is no property for binding to dubbo config class [org.apache.dubbo.config.MetadataReportConfig] within prefix [dubbo.metadata-report]
[${project.name}][${env:SERVER_PORT}] 2025-05-05 12:06:49,867 WARN
            [main][EndpointId.java:135] - Endpoint ID 'service-registry' contains invalid characters, please migrate to a valid format.
[${project.name}][${env:SERVER_PORT}] 2025-05-05 12:06:49,952 INFO
            [main][ServiceAnnotationBeanPostProcessor.java:204] -  [DUBBO] BeanNameGenerator bean can't be found in BeanFactory with name [org.springframework.context.annotation.internalConfigurationBeanNameGenerator], dubbo version: 2.7.3, current host: 192.168.2.130
[${project.name}][${env:SERVER_PORT}] 2025-05-05 12:06:49,953 INFO
            [main][ServiceAnnotationBeanPostProcessor.java:206] -  [DUBBO] BeanNameGenerator will be a instance of org.springframework.context.annotation.AnnotationBeanNameGenerator , it maybe a potential problem on bean name generation., dubbo version: 2.7.3, current host: 192.168.2.130
[${project.name}][${env:SERVER_PORT}] 2025-05-05 12:06:49,973 WARN
            [main][ServiceAnnotationBeanPostProcessor.java:169] -  [DUBBO] No Spring Bean annotating Dubbo's @Service was found under package[com.huiminpay], dubbo version: 2.7.3, current host: 192.168.2.130
[${project.name}][${env:SERVER_PORT}] 2025-05-05 12:06:49,976 INFO
            [main][ConfigurationClassPostProcessor.java:380] - Cannot enhance @Configuration bean definition 'org.apache.dubbo.spring.boot.autoconfigure.DubboRelaxedBinding2AutoConfiguration' since its singleton instance has been created too early. The typical cause is a non-static @Bean method with a BeanDefinitionRegistryPostProcessor return type: Consider declaring such methods as 'static'.
[${project.name}][${env:SERVER_PORT}] 2025-05-05 12:06:49,977 INFO
            [main][ConfigurationClassPostProcessor.java:380] - Cannot enhance @Configuration bean definition 'org.apache.dubbo.spring.boot.autoconfigure.DubboAutoConfiguration' since its singleton instance has been created too early. The typical cause is a non-static @Bean method with a BeanDefinitionRegistryPostProcessor return type: Consider declaring such methods as 'static'.
[${project.name}][${env:SERVER_PORT}] 2025-05-05 12:06:50,149 INFO
            [main][GenericScope.java:294] - BeanFactory id=d6beedbc-77d3-3049-a41f-f55a39a3eea7
[${project.name}][${env:SERVER_PORT}] 2025-05-05 12:06:50,450 INFO
            [main][PostProcessorRegistrationDelegate.java:330] - Bean 'com.alibaba.cloud.dubbo.autoconfigure.DubboOpenFeignAutoConfiguration' of type [com.alibaba.cloud.dubbo.autoconfigure.DubboOpenFeignAutoConfiguration$$EnhancerBySpringCGLIB$$bed576f9] is not eligible for getting processed by all BeanPostProcessors (for example: not eligible for auto-proxying)
[${project.name}][${env:SERVER_PORT}] 2025-05-05 12:06:50,472 INFO
            [main][PostProcessorRegistrationDelegate.java:330] - Bean 'dubbo.cloud-com.alibaba.cloud.dubbo.env.DubboCloudProperties' of type [com.alibaba.cloud.dubbo.env.DubboCloudProperties] is not eligible for getting processed by all BeanPostProcessors (for example: not eligible for auto-proxying)
[${project.name}][${env:SERVER_PORT}] 2025-05-05 12:06:50,496 INFO
            [main][PostProcessorRegistrationDelegate.java:330] - Bean 'metadataJsonResolver' of type [com.alibaba.cloud.dubbo.metadata.resolver.DubboServiceBeanMetadataResolver] is not eligible for getting processed by all BeanPostProcessors (for example: not eligible for auto-proxying)
[${project.name}][${env:SERVER_PORT}] 2025-05-05 12:06:50,513 INFO
            [main][PostProcessorRegistrationDelegate.java:330] - Bean 'org.apache.dubbo.config.ApplicationConfig#0' of type [org.apache.dubbo.config.ApplicationConfig] is not eligible for getting processed by all BeanPostProcessors (for example: not eligible for auto-proxying)
[${project.name}][${env:SERVER_PORT}] 2025-05-05 12:06:50,520 INFO
            [main][PostProcessorRegistrationDelegate.java:330] - Bean 'dubboProtocolConfigSupplier' of type [com.alibaba.cloud.dubbo.metadata.DubboProtocolConfigSupplier] is not eligible for getting processed by all BeanPostProcessors (for example: not eligible for auto-proxying)
[${project.name}][${env:SERVER_PORT}] 2025-05-05 12:06:50,522 INFO
            [main][PostProcessorRegistrationDelegate.java:330] - Bean 'com.alibaba.cloud.dubbo.service.DubboMetadataServiceExporter' of type [com.alibaba.cloud.dubbo.service.DubboMetadataServiceExporter] is not eligible for getting processed by all BeanPostProcessors (for example: not eligible for auto-proxying)
[${project.name}][${env:SERVER_PORT}] 2025-05-05 12:06:50,523 INFO
            [main][PostProcessorRegistrationDelegate.java:330] - Bean 'com.alibaba.cloud.dubbo.autoconfigure.DubboMetadataAutoConfiguration' of type [com.alibaba.cloud.dubbo.autoconfigure.DubboMetadataAutoConfiguration$$EnhancerBySpringCGLIB$$31151373] is not eligible for getting processed by all BeanPostProcessors (for example: not eligible for auto-proxying)
[${project.name}][${env:SERVER_PORT}] 2025-05-05 12:06:50,532 INFO
            [main][PostProcessorRegistrationDelegate.java:330] - Bean 'com.alibaba.cloud.dubbo.autoconfigure.DubboServiceAutoConfiguration' of type [com.alibaba.cloud.dubbo.autoconfigure.DubboServiceAutoConfiguration$$EnhancerBySpringCGLIB$$c3bf1bcb] is not eligible for getting processed by all BeanPostProcessors (for example: not eligible for auto-proxying)
[${project.name}][${env:SERVER_PORT}] 2025-05-05 12:06:50,541 INFO
            [main][PostProcessorRegistrationDelegate.java:330] - Bean 'dubboGenericServiceFactory' of type [com.alibaba.cloud.dubbo.service.DubboGenericServiceFactory] is not eligible for getting processed by all BeanPostProcessors (for example: not eligible for auto-proxying)
[${project.name}][${env:SERVER_PORT}] 2025-05-05 12:06:50,545 INFO
            [main][PostProcessorRegistrationDelegate.java:330] - Bean 'dubboMetadataConfigServiceProxy' of type [com.alibaba.cloud.dubbo.service.DubboMetadataServiceProxy] is not eligible for getting processed by all BeanPostProcessors (for example: not eligible for auto-proxying)
[${project.name}][${env:SERVER_PORT}] 2025-05-05 12:06:50,553 INFO
            [main][PostProcessorRegistrationDelegate.java:330] - Bean 'org.springframework.cloud.client.discovery.composite.CompositeDiscoveryClientAutoConfiguration' of type [org.springframework.cloud.client.discovery.composite.CompositeDiscoveryClientAutoConfiguration$$EnhancerBySpringCGLIB$$84045585] is not eligible for getting processed by all BeanPostProcessors (for example: not eligible for auto-proxying)
[${project.name}][${env:SERVER_PORT}] 2025-05-05 12:06:50,562 INFO
            [main][PostProcessorRegistrationDelegate.java:330] - Bean 'com.alibaba.cloud.nacos.discovery.NacosDiscoveryClientAutoConfiguration' of type [com.alibaba.cloud.nacos.discovery.NacosDiscoveryClientAutoConfiguration$$EnhancerBySpringCGLIB$$77cf5e4a] is not eligible for getting processed by all BeanPostProcessors (for example: not eligible for auto-proxying)
[${project.name}][${env:SERVER_PORT}] 2025-05-05 12:06:50,581 INFO
            [main][PostProcessorRegistrationDelegate.java:330] - Bean 'org.springframework.cloud.commons.util.UtilAutoConfiguration' of type [org.springframework.cloud.commons.util.UtilAutoConfiguration$$EnhancerBySpringCGLIB$$2c1f179] is not eligible for getting processed by all BeanPostProcessors (for example: not eligible for auto-proxying)
[${project.name}][${env:SERVER_PORT}] 2025-05-05 12:06:50,593 INFO
            [main][PostProcessorRegistrationDelegate.java:330] - Bean 'inetUtilsProperties' of type [org.springframework.cloud.commons.util.InetUtilsProperties] is not eligible for getting processed by all BeanPostProcessors (for example: not eligible for auto-proxying)
[${project.name}][${env:SERVER_PORT}] 2025-05-05 12:06:50,596 INFO
            [main][PostProcessorRegistrationDelegate.java:330] - Bean 'inetUtils' of type [org.springframework.cloud.commons.util.InetUtils] is not eligible for getting processed by all BeanPostProcessors (for example: not eligible for auto-proxying)
[${project.name}][${env:SERVER_PORT}] 2025-05-05 12:06:51,881 INFO
            [main][PostProcessorRegistrationDelegate.java:330] - Bean 'nacosProperties' of type [com.alibaba.cloud.nacos.NacosDiscoveryProperties] is not eligible for getting processed by all BeanPostProcessors (for example: not eligible for auto-proxying)
[${project.name}][${env:SERVER_PORT}] 2025-05-05 12:06:51,887 INFO
            [main][PostProcessorRegistrationDelegate.java:330] - Bean 'nacosDiscoveryClient' of type [com.alibaba.cloud.nacos.discovery.NacosDiscoveryClient] is not eligible for getting processed by all BeanPostProcessors (for example: not eligible for auto-proxying)
[${project.name}][${env:SERVER_PORT}] 2025-05-05 12:06:51,908 INFO
            [main][PostProcessorRegistrationDelegate.java:330] - Bean 'server-org.springframework.boot.autoconfigure.web.ServerProperties' of type [org.springframework.boot.autoconfigure.web.ServerProperties] is not eligible for getting processed by all BeanPostProcessors (for example: not eligible for auto-proxying)
[${project.name}][${env:SERVER_PORT}] 2025-05-05 12:06:51,913 INFO
            [main][PostProcessorRegistrationDelegate.java:330] - Bean 'org.springframework.cloud.client.discovery.simple.SimpleDiscoveryClientAutoConfiguration' of type [org.springframework.cloud.client.discovery.simple.SimpleDiscoveryClientAutoConfiguration$$EnhancerBySpringCGLIB$$5032ee53] is not eligible for getting processed by all BeanPostProcessors (for example: not eligible for auto-proxying)
[${project.name}][${env:SERVER_PORT}] 2025-05-05 12:06:53,064 INFO
            [main][PostProcessorRegistrationDelegate.java:330] - Bean 'simpleDiscoveryProperties' of type [org.springframework.cloud.client.discovery.simple.SimpleDiscoveryProperties] is not eligible for getting processed by all BeanPostProcessors (for example: not eligible for auto-proxying)
[${project.name}][${env:SERVER_PORT}] 2025-05-05 12:06:53,067 INFO
            [main][PostProcessorRegistrationDelegate.java:330] - Bean 'simpleDiscoveryClient' of type [org.springframework.cloud.client.discovery.simple.SimpleDiscoveryClient] is not eligible for getting processed by all BeanPostProcessors (for example: not eligible for auto-proxying)
[${project.name}][${env:SERVER_PORT}] 2025-05-05 12:06:53,072 INFO
            [main][PostProcessorRegistrationDelegate.java:330] - Bean 'compositeDiscoveryClient' of type [org.springframework.cloud.client.discovery.composite.CompositeDiscoveryClient] is not eligible for getting processed by all BeanPostProcessors (for example: not eligible for auto-proxying)
[${project.name}][${env:SERVER_PORT}] 2025-05-05 12:06:53,076 INFO
            [main][PostProcessorRegistrationDelegate.java:330] - Bean 'com.alibaba.cloud.dubbo.util.JSONUtils' of type [com.alibaba.cloud.dubbo.util.JSONUtils] is not eligible for getting processed by all BeanPostProcessors (for example: not eligible for auto-proxying)
[${project.name}][${env:SERVER_PORT}] 2025-05-05 12:06:53,170 WARN
            [main][DubboServiceMetadataRepository.java:216] - Current application will subscribe all services(size:1) in registry, a lot of memory and CPU cycles may be used, thus it's strongly recommend you using the externalized property 'dubbo.cloud.subscribed-services' to specify the services
[${project.name}][${env:SERVER_PORT}] 2025-05-05 12:06:53,171 INFO
            [main][PostProcessorRegistrationDelegate.java:330] - Bean 'com.alibaba.cloud.dubbo.metadata.repository.DubboServiceMetadataRepository' of type [com.alibaba.cloud.dubbo.metadata.repository.DubboServiceMetadataRepository] is not eligible for getting processed by all BeanPostProcessors (for example: not eligible for auto-proxying)
[${project.name}][${env:SERVER_PORT}] 2025-05-05 12:06:53,183 INFO
            [main][PostProcessorRegistrationDelegate.java:330] - Bean 'com.alibaba.cloud.dubbo.service.parameter.RequestParamServiceParameterResolver' of type [com.alibaba.cloud.dubbo.service.parameter.RequestParamServiceParameterResolver] is not eligible for getting processed by all BeanPostProcessors (for example: not eligible for auto-proxying)
[${project.name}][${env:SERVER_PORT}] 2025-05-05 12:06:53,201 INFO
            [main][PostProcessorRegistrationDelegate.java:330] - Bean 'spring.http-org.springframework.boot.autoconfigure.http.HttpProperties' of type [org.springframework.boot.autoconfigure.http.HttpProperties] is not eligible for getting processed by all BeanPostProcessors (for example: not eligible for auto-proxying)
[${project.name}][${env:SERVER_PORT}] 2025-05-05 12:06:53,204 INFO
            [main][PostProcessorRegistrationDelegate.java:330] - Bean 'org.springframework.boot.autoconfigure.http.HttpMessageConvertersAutoConfiguration$StringHttpMessageConverterConfiguration' of type [org.springframework.boot.autoconfigure.http.HttpMessageConvertersAutoConfiguration$StringHttpMessageConverterConfiguration$$EnhancerBySpringCGLIB$$8855ba29] is not eligible for getting processed by all BeanPostProcessors (for example: not eligible for auto-proxying)
[${project.name}][${env:SERVER_PORT}] 2025-05-05 12:06:53,212 INFO
            [main][PostProcessorRegistrationDelegate.java:330] - Bean 'stringHttpMessageConverter' of type [org.springframework.http.converter.StringHttpMessageConverter] is not eligible for getting processed by all BeanPostProcessors (for example: not eligible for auto-proxying)
[${project.name}][${env:SERVER_PORT}] 2025-05-05 12:06:53,217 INFO
            [main][PostProcessorRegistrationDelegate.java:330] - Bean 'org.springframework.boot.autoconfigure.http.JacksonHttpMessageConvertersConfiguration$MappingJackson2HttpMessageConverterConfiguration' of type [org.springframework.boot.autoconfigure.http.JacksonHttpMessageConvertersConfiguration$MappingJackson2HttpMessageConverterConfiguration$$EnhancerBySpringCGLIB$$c22bb629] is not eligible for getting processed by all BeanPostProcessors (for example: not eligible for auto-proxying)
[${project.name}][${env:SERVER_PORT}] 2025-05-05 12:06:53,224 INFO
            [main][PostProcessorRegistrationDelegate.java:330] - Bean 'org.springframework.boot.autoconfigure.jackson.JacksonAutoConfiguration$JacksonObjectMapperConfiguration' of type [org.springframework.boot.autoconfigure.jackson.JacksonAutoConfiguration$JacksonObjectMapperConfiguration$$EnhancerBySpringCGLIB$$96a7a786] is not eligible for getting processed by all BeanPostProcessors (for example: not eligible for auto-proxying)
[${project.name}][${env:SERVER_PORT}] 2025-05-05 12:06:53,232 INFO
            [main][PostProcessorRegistrationDelegate.java:330] - Bean 'org.springframework.boot.autoconfigure.jackson.JacksonAutoConfiguration$JacksonObjectMapperBuilderConfiguration' of type [org.springframework.boot.autoconfigure.jackson.JacksonAutoConfiguration$JacksonObjectMapperBuilderConfiguration$$EnhancerBySpringCGLIB$$48f4699f] is not eligible for getting processed by all BeanPostProcessors (for example: not eligible for auto-proxying)
[${project.name}][${env:SERVER_PORT}] 2025-05-05 12:06:53,238 INFO
            [main][PostProcessorRegistrationDelegate.java:330] - Bean 'org.springframework.boot.autoconfigure.jackson.JacksonAutoConfiguration$Jackson2ObjectMapperBuilderCustomizerConfiguration' of type [org.springframework.boot.autoconfigure.jackson.JacksonAutoConfiguration$Jackson2ObjectMapperBuilderCustomizerConfiguration$$EnhancerBySpringCGLIB$$40b4f8e] is not eligible for getting processed by all BeanPostProcessors (for example: not eligible for auto-proxying)
[${project.name}][${env:SERVER_PORT}] 2025-05-05 12:06:53,246 INFO
            [main][PostProcessorRegistrationDelegate.java:330] - Bean 'spring.jackson-org.springframework.boot.autoconfigure.jackson.JacksonProperties' of type [org.springframework.boot.autoconfigure.jackson.JacksonProperties] is not eligible for getting processed by all BeanPostProcessors (for example: not eligible for auto-proxying)
[${project.name}][${env:SERVER_PORT}] 2025-05-05 12:06:53,251 INFO
            [main][PostProcessorRegistrationDelegate.java:330] - Bean 'standardJacksonObjectMapperBuilderCustomizer' of type [org.springframework.boot.autoconfigure.jackson.JacksonAutoConfiguration$Jackson2ObjectMapperBuilderCustomizerConfiguration$StandardJackson2ObjectMapperBuilderCustomizer] is not eligible for getting processed by all BeanPostProcessors (for example: not eligible for auto-proxying)
[${project.name}][${env:SERVER_PORT}] 2025-05-05 12:06:53,259 INFO
            [main][PostProcessorRegistrationDelegate.java:330] - Bean 'org.springframework.boot.autoconfigure.jackson.JacksonAutoConfiguration$ParameterNamesModuleConfiguration' of type [org.springframework.boot.autoconfigure.jackson.JacksonAutoConfiguration$ParameterNamesModuleConfiguration$$EnhancerBySpringCGLIB$$2ad6c6bc] is not eligible for getting processed by all BeanPostProcessors (for example: not eligible for auto-proxying)
[${project.name}][${env:SERVER_PORT}] 2025-05-05 12:06:53,274 INFO
            [main][PostProcessorRegistrationDelegate.java:330] - Bean 'parameterNamesModule' of type [com.fasterxml.jackson.module.paramnames.ParameterNamesModule] is not eligible for getting processed by all BeanPostProcessors (for example: not eligible for auto-proxying)
[${project.name}][${env:SERVER_PORT}] 2025-05-05 12:06:53,279 INFO
            [main][PostProcessorRegistrationDelegate.java:330] - Bean 'org.springframework.boot.autoconfigure.jackson.JacksonAutoConfiguration' of type [org.springframework.boot.autoconfigure.jackson.JacksonAutoConfiguration$$EnhancerBySpringCGLIB$$78b34515] is not eligible for getting processed by all BeanPostProcessors (for example: not eligible for auto-proxying)
[${project.name}][${env:SERVER_PORT}] 2025-05-05 12:06:53,290 INFO
            [main][PostProcessorRegistrationDelegate.java:330] - Bean 'jsonComponentModule' of type [org.springframework.boot.jackson.JsonComponentModule] is not eligible for getting processed by all BeanPostProcessors (for example: not eligible for auto-proxying)
[${project.name}][${env:SERVER_PORT}] 2025-05-05 12:06:53,296 INFO
            [main][PostProcessorRegistrationDelegate.java:330] - Bean 'jacksonObjectMapperBuilder' of type [org.springframework.http.converter.json.Jackson2ObjectMapperBuilder] is not eligible for getting processed by all BeanPostProcessors (for example: not eligible for auto-proxying)
[${project.name}][${env:SERVER_PORT}] 2025-05-05 12:06:53,324 INFO
            [main][PostProcessorRegistrationDelegate.java:330] - Bean 'jacksonObjectMapper' of type [com.fasterxml.jackson.databind.ObjectMapper] is not eligible for getting processed by all BeanPostProcessors (for example: not eligible for auto-proxying)
[${project.name}][${env:SERVER_PORT}] 2025-05-05 12:06:53,336 INFO
            [main][PostProcessorRegistrationDelegate.java:330] - Bean 'mappingJackson2HttpMessageConverter' of type [org.springframework.http.converter.json.MappingJackson2HttpMessageConverter] is not eligible for getting processed by all BeanPostProcessors (for example: not eligible for auto-proxying)
[${project.name}][${env:SERVER_PORT}] 2025-05-05 12:06:53,345 INFO
            [main][PostProcessorRegistrationDelegate.java:330] - Bean 'org.springframework.boot.autoconfigure.http.HttpMessageConvertersAutoConfiguration' of type [org.springframework.boot.autoconfigure.http.HttpMessageConvertersAutoConfiguration$$EnhancerBySpringCGLIB$$5547f389] is not eligible for getting processed by all BeanPostProcessors (for example: not eligible for auto-proxying)
[${project.name}][${env:SERVER_PORT}] 2025-05-05 12:06:53,356 INFO
            [main][PostProcessorRegistrationDelegate.java:330] - Bean 'messageConverters' of type [org.springframework.boot.autoconfigure.http.HttpMessageConverters] is not eligible for getting processed by all BeanPostProcessors (for example: not eligible for auto-proxying)
[${project.name}][${env:SERVER_PORT}] 2025-05-05 12:06:53,359 INFO
            [main][PostProcessorRegistrationDelegate.java:330] - Bean 'com.alibaba.cloud.dubbo.service.parameter.RequestBodyServiceParameterResolver' of type [com.alibaba.cloud.dubbo.service.parameter.RequestBodyServiceParameterResolver] is not eligible for getting processed by all BeanPostProcessors (for example: not eligible for auto-proxying)
[${project.name}][${env:SERVER_PORT}] 2025-05-05 12:06:53,366 INFO
            [main][PostProcessorRegistrationDelegate.java:330] - Bean 'com.alibaba.cloud.dubbo.service.parameter.RequestHeaderServiceParameterResolver' of type [com.alibaba.cloud.dubbo.service.parameter.RequestHeaderServiceParameterResolver] is not eligible for getting processed by all BeanPostProcessors (for example: not eligible for auto-proxying)
[${project.name}][${env:SERVER_PORT}] 2025-05-05 12:06:53,371 INFO
            [main][PostProcessorRegistrationDelegate.java:330] - Bean 'com.alibaba.cloud.dubbo.service.parameter.PathVariableServiceParameterResolver' of type [com.alibaba.cloud.dubbo.service.parameter.PathVariableServiceParameterResolver] is not eligible for getting processed by all BeanPostProcessors (for example: not eligible for auto-proxying)
[${project.name}][${env:SERVER_PORT}] 2025-05-05 12:06:53,372 INFO
            [main][PostProcessorRegistrationDelegate.java:330] - Bean 'com.alibaba.cloud.dubbo.service.DubboGenericServiceExecutionContextFactory' of type [com.alibaba.cloud.dubbo.service.DubboGenericServiceExecutionContextFactory] is not eligible for getting processed by all BeanPostProcessors (for example: not eligible for auto-proxying)
[${project.name}][${env:SERVER_PORT}] 2025-05-05 12:06:53,390 INFO
            [main][PostProcessorRegistrationDelegate.java:330] - Bean 'relaxedDubboConfigBinder' of type [org.apache.dubbo.spring.boot.autoconfigure.BinderDubboConfigBinder] is not eligible for getting processed by all BeanPostProcessors (for example: not eligible for auto-proxying)
[${project.name}][${env:SERVER_PORT}] 2025-05-05 12:06:53,399 INFO
            [main][PostProcessorRegistrationDelegate.java:330] - Bean 'relaxedDubboConfigBinder' of type [org.apache.dubbo.spring.boot.autoconfigure.BinderDubboConfigBinder] is not eligible for getting processed by all BeanPostProcessors (for example: not eligible for auto-proxying)
[${project.name}][${env:SERVER_PORT}] 2025-05-05 12:06:53,402 INFO
            [main][PostProcessorRegistrationDelegate.java:330] - Bean 'relaxedDubboConfigBinder' of type [org.apache.dubbo.spring.boot.autoconfigure.BinderDubboConfigBinder] is not eligible for getting processed by all BeanPostProcessors (for example: not eligible for auto-proxying)
[${project.name}][${env:SERVER_PORT}] 2025-05-05 12:06:53,407 INFO
            [main][PostProcessorRegistrationDelegate.java:330] - Bean 'relaxedDubboConfigBinder' of type [org.apache.dubbo.spring.boot.autoconfigure.BinderDubboConfigBinder] is not eligible for getting processed by all BeanPostProcessors (for example: not eligible for auto-proxying)
[${project.name}][${env:SERVER_PORT}] 2025-05-05 12:06:53,416 INFO
            [main][PostProcessorRegistrationDelegate.java:330] - Bean 'org.springframework.cloud.autoconfigure.ConfigurationPropertiesRebinderAutoConfiguration' of type [org.springframework.cloud.autoconfigure.ConfigurationPropertiesRebinderAutoConfiguration$$EnhancerBySpringCGLIB$$572e2af2] is not eligible for getting processed by all BeanPostProcessors (for example: not eligible for auto-proxying)
[${project.name}][${env:SERVER_PORT}] 2025-05-05 12:06:55,614 INFO
            [main][EndpointLinksResolver.java:59] - Exposing 4 endpoint(s) beneath base path '/actuator'
[${project.name}][${env:SERVER_PORT}] 2025-05-05 12:06:55,795 INFO
            [main][PropertySourcedRequestMappingHandlerMapping.java:69] - Mapped URL path [/v2/api-docs] onto method [public org.springframework.http.ResponseEntity<springfox.documentation.spring.web.json.Json> springfox.documentation.swagger2.web.Swagger2Controller.getDocumentation(java.lang.String,javax.servlet.http.HttpServletRequest)]
[${project.name}][${env:SERVER_PORT}] 2025-05-05 12:06:56,020 WARN
            [main][URLConfigurationSource.java:121] - No URLs will be polled as dynamic configuration sources.
[${project.name}][${env:SERVER_PORT}] 2025-05-05 12:06:56,020 INFO
            [main][URLConfigurationSource.java:122] - To enable URLs as dynamic configuration sources, define System property archaius.configurationSource.additionalUrls or make config.properties available on classpath.
[${project.name}][${env:SERVER_PORT}] 2025-05-05 12:06:56,026 WARN
            [main][URLConfigurationSource.java:121] - No URLs will be polled as dynamic configuration sources.
[${project.name}][${env:SERVER_PORT}] 2025-05-05 12:06:56,027 INFO
            [main][URLConfigurationSource.java:122] - To enable URLs as dynamic configuration sources, define System property archaius.configurationSource.additionalUrls or make config.properties available on classpath.
[${project.name}][${env:SERVER_PORT}] 2025-05-05 12:06:56,075 DEBUG
            [main][TraversableResolvers.java:60] - Cannot find javax.persistence.Persistence on classpath. Assuming non JPA 2 environment. All properties will per default be traversable.
[${project.name}][${env:SERVER_PORT}] 2025-05-05 12:06:56,076 DEBUG
            [main][ResourceBundleMessageInterpolator.java:89] - Loaded expression factory via original TCCL
[${project.name}][${env:SERVER_PORT}] 2025-05-05 12:06:56,086 DEBUG
            [main][TraversableResolvers.java:60] - Cannot find javax.persistence.Persistence on classpath. Assuming non JPA 2 environment. All properties will per default be traversable.
[${project.name}][${env:SERVER_PORT}] 2025-05-05 12:06:56,088 DEBUG
            [main][ConfigurationImpl.java:148] - Setting custom MessageInterpolator of type org.springframework.validation.beanvalidation.LocaleContextMessageInterpolator
[${project.name}][${env:SERVER_PORT}] 2025-05-05 12:06:56,088 DEBUG
            [main][ConfigurationImpl.java:180] - Setting custom ConstraintValidatorFactory of type org.springframework.validation.beanvalidation.SpringConstraintValidatorFactory
[${project.name}][${env:SERVER_PORT}] 2025-05-05 12:06:56,089 DEBUG
            [main][ConfigurationImpl.java:194] - Setting custom ParameterNameProvider of type org.springframework.validation.beanvalidation.LocalValidatorFactoryBean$1
[${project.name}][${env:SERVER_PORT}] 2025-05-05 12:06:56,090 DEBUG
            [main][ValidationXmlParser.java:120] - Trying to load META-INF/validation.xml for XML based Validator configuration.
[${project.name}][${env:SERVER_PORT}] 2025-05-05 12:06:56,091 DEBUG
            [main][ResourceLoaderHelper.java:53] - Trying to load META-INF/validation.xml via user class loader
[${project.name}][${env:SERVER_PORT}] 2025-05-05 12:06:56,091 DEBUG
            [main][ResourceLoaderHelper.java:60] - Trying to load META-INF/validation.xml via TCCL
[${project.name}][${env:SERVER_PORT}] 2025-05-05 12:06:56,092 DEBUG
            [main][ResourceLoaderHelper.java:66] - Trying to load META-INF/validation.xml via Hibernate Validator's class loader
[${project.name}][${env:SERVER_PORT}] 2025-05-05 12:06:56,092 DEBUG
            [main][ValidationXmlParser.java:127] - No META-INF/validation.xml found. Using annotation based configuration only.
[${project.name}][${env:SERVER_PORT}] 2025-05-05 12:06:56,099 DEBUG
            [main][ValidatorFactoryImpl.java:578] - HV000234: Using org.springframework.validation.beanvalidation.LocaleContextMessageInterpolator as ValidatorFactory-scoped message interpolator.
[${project.name}][${env:SERVER_PORT}] 2025-05-05 12:06:56,100 DEBUG
            [main][ValidatorFactoryImpl.java:579] - HV000234: Using org.hibernate.validator.internal.engine.resolver.TraverseAllTraversableResolver as ValidatorFactory-scoped traversable resolver.
[${project.name}][${env:SERVER_PORT}] 2025-05-05 12:06:56,100 DEBUG
            [main][ValidatorFactoryImpl.java:580] - HV000234: Using org.hibernate.validator.internal.util.ExecutableParameterNameProvider as ValidatorFactory-scoped parameter name provider.
[${project.name}][${env:SERVER_PORT}] 2025-05-05 12:06:56,101 DEBUG
            [main][ValidatorFactoryImpl.java:581] - HV000234: Using org.hibernate.validator.internal.engine.DefaultClockProvider as ValidatorFactory-scoped clock provider.
[${project.name}][${env:SERVER_PORT}] 2025-05-05 12:06:56,101 DEBUG
            [main][ValidatorFactoryImpl.java:582] - HV000234: Using org.hibernate.validator.internal.engine.scripting.DefaultScriptEvaluatorFactory as ValidatorFactory-scoped script evaluator factory.
[${project.name}][${env:SERVER_PORT}] 2025-05-05 12:06:56,211 INFO
            [main][ExecutorConfigurationSupport.java:171] - Initializing ExecutorService 'applicationTaskExecutor'
[${project.name}][${env:SERVER_PORT}] 2025-05-05 12:06:56,585 INFO
            [main][ExecutorConfigurationSupport.java:171] - Initializing ExecutorService
[${project.name}][${env:SERVER_PORT}] 2025-05-05 12:06:56,599 INFO
            [main][DubboConfigBindingBeanPostProcessor.java:109] - The properties of bean [name : org.apache.dubbo.config.RegistryConfig#0] have been binding by prefix of configuration properties : dubbo.registry
[${project.name}][${env:SERVER_PORT}] 2025-05-05 12:06:56,607 INFO
            [main][DubboConfigBindingBeanPostProcessor.java:109] - The properties of bean [name : org.apache.dubbo.config.ProtocolConfig#0] have been binding by prefix of configuration properties : dubbo.protocol
[${project.name}][${env:SERVER_PORT}] 2025-05-05 12:06:56,624 INFO
            [main][DubboConfigBindingBeanPostProcessor.java:109] - The properties of bean [name : org.apache.dubbo.config.ConsumerConfig#0] have been binding by prefix of configuration properties : dubbo.consumer
[${project.name}][${env:SERVER_PORT}] 2025-05-05 12:06:57,141 INFO
            [main][DubboServiceMetadataRepository.java:262] - The metadata of Dubbo services has been initialized
[${project.name}][${env:SERVER_PORT}] 2025-05-05 12:06:57,168 INFO
            [main][DocumentationPluginsBootstrapper.java:160] - Context refreshed
[${project.name}][${env:SERVER_PORT}] 2025-05-05 12:06:57,175 WARN
            [ThreadPoolTaskScheduler-1][DubboServiceMetadataRepository.java:216] - Current application will subscribe all services(size:1) in registry, a lot of memory and CPU cycles may be used, thus it's strongly recommend you using the externalized property 'dubbo.cloud.subscribed-services' to specify the services
[${project.name}][${env:SERVER_PORT}] 2025-05-05 12:06:57,198 INFO
            [main][DocumentationPluginsBootstrapper.java:163] - Found 1 custom documentation plugin(s)
[${project.name}][${env:SERVER_PORT}] 2025-05-05 12:06:57,247 INFO
            [main][ApiListingReferenceScanner.java:41] - Scanning for api listing references
[${project.name}][${env:SERVER_PORT}] 2025-05-05 12:06:57,293 INFO
            [main][StartupInfoLogger.java:59] - Started RestTemplateTest in 11.204 seconds (JVM running for 12.532)
[${project.name}][${env:SERVER_PORT}] 2025-05-05 12:06:57,805 INFO
            [DubboShutdownHook][DubboShutdownHook.java:58] -  [DUBBO] Run shutdown hook now., dubbo version: 2.7.3, current host: 192.168.2.130
[${project.name}][${env:SERVER_PORT}] 2025-05-05 12:06:57,807 INFO
            [Thread-11][AwaitingNonWebApplicationListener.java:155] -  [Dubbo] Current Spring Boot Application is about to shutdown...
[${project.name}][${env:SERVER_PORT}] 2025-05-05 12:06:57,811 INFO
            [DubboShutdownHook][AbstractRegistryFactory.java:68] -  [DUBBO] Close all registries [], dubbo version: 2.7.3, current host: 192.168.2.130
[${project.name}][${env:SERVER_PORT}] 2025-05-05 12:06:57,815 INFO
            [Thread-11][ExecutorConfigurationSupport.java:208] - Shutting down ExecutorService 'applicationTaskExecutor'
[${project.name}][${env:SERVER_PORT}] 2025-05-05 12:06:57,825 INFO
            [Thread-11][DubboGenericServiceFactory.java:159] - The Dubbo GenericService ReferenceBeans are destroying...
[${project.name}][${env:SERVER_PORT}] 2025-05-05 12:06:57,826 INFO
            [Thread-11][AnnotationInjectedBeanPostProcessor.java:305] - class org.apache.dubbo.config.spring.beans.factory.annotation.ReferenceAnnotationBeanPostProcessor was destroying!
