[${project.name}][${env:SERVER_PORT}] 2025-05-25 09:01:59,155 INFO [main][StartupInfoLogger.java:50] - Starting SailingBootstrap on lijun with PID 15132 (E:\sailing\target\classes started by Administrator in E:\sailing)
[${project.name}][${env:SERVER_PORT}] 2025-05-25 09:01:59,202 INFO [main][SpringApplication.java:675] - No active profile set, falling back to default profiles: default
[${project.name}][${env:SERVER_PORT}] 2025-05-25 09:02:00,074 INFO [main][RepositoryConfigurationDelegate.java:244] - Multiple Spring Data modules found, entering strict repository configuration mode!
[${project.name}][${env:SERVER_PORT}] 2025-05-25 09:02:00,078 INFO [main][RepositoryConfigurationDelegate.java:126] - Bootstrapping Spring Data repositories in DEFAULT mode.
[${project.name}][${env:SERVER_PORT}] 2025-05-25 09:02:00,110 INFO [main][RepositoryConfigurationDelegate.java:182] - Finished Spring Data repository scanning in 15ms. Found 0 repository interfaces.
[${project.name}][${env:SERVER_PORT}] 2025-05-25 09:02:00,576 INFO [main][TomcatWebServer.java:90] - Tomcat initialized with port(s): 56085 (http)
[${project.name}][${env:SERVER_PORT}] 2025-05-25 09:02:00,590 INFO [main][DirectJDKLog.java:173] - Initializing ProtocolHandler ["http-nio-56085"]
[${project.name}][${env:SERVER_PORT}] 2025-05-25 09:02:00,598 INFO [main][DirectJDKLog.java:173] - Starting service [Tomcat]
[${project.name}][${env:SERVER_PORT}] 2025-05-25 09:02:00,598 INFO [main][DirectJDKLog.java:173] - Starting Servlet engine: [Apache Tomcat/9.0.16]
[${project.name}][${env:SERVER_PORT}] 2025-05-25 09:02:00,650 INFO [main][DirectJDKLog.java:173] - The APR based Apache Tomcat Native library which allows optimal performance in production environments was not found on the java.library.path: [C:\Program Files\Java\jdk1.8.0_131\bin;C:\Windows\Sun\Java\bin;C:\Windows\system32;C:\Windows;C:\Program Files\Common Files\Oracle\Java\javapath;E:\product\11.2.0\dbhome_1\bin;C:/Program Files/Java/jdk-11.0.15\bin;C:\ProgramData\Oracle\Java\javapath;C:\Windows\system32;C:\Windows;C:\Windows\System32\Wbem;C:\Windows\System32\WindowsPowerShell\v1.0\;C:\Windows\System32\OpenSSH\;C:\Program Files (x86)\NVIDIA Corporation\PhysX\Common;C:\Program Files\NVIDIA Corporation\NVIDIA NvDLISR;D:\Program Files (x86)\MySQL\MySQL Server 5.5\bin;D:\apache-maven-3.8.2\bin;E:\otp\erl-23.3\bin;E:\ElasticS\node;E:\ElasticS\node\node_modules;D:\yarn\bin\;C:\web\huimin-web\node_modules\bin;C:\Program Files\MySQL\MySQL Server 5.5\bin;D:\Git\cmd;C:\Program Files\dotnet\;E:\redis;;C:\Program Files\Docker\Docker\resources\bin;C:\Users\Administrator\AppData\Local\Microsoft\WindowsApps;D:\Users\Administrator\AppData\Local\Programs\Microsoft VS Code\bin;C:\Users\Administrator\AppData\Roaming\npm;C:\Users\Administrator\AppData\Local\Yarn\bin;C:\Users\Administrator\AppData\Local\GitHubDesktop\bin;.]
[${project.name}][${env:SERVER_PORT}] 2025-05-25 09:02:00,753 INFO [main][DirectJDKLog.java:173] - Initializing Spring embedded WebApplicationContext
[${project.name}][${env:SERVER_PORT}] 2025-05-25 09:02:00,753 INFO [main][ServletWebServerApplicationContext.java:296] - Root WebApplicationContext: initialization completed in 1516 ms
[${project.name}][${env:SERVER_PORT}] 2025-05-25 09:02:01,444 INFO [main][EndpointLinksResolver.java:59] - Exposing 2 endpoint(s) beneath base path '/actuator'
[${project.name}][${env:SERVER_PORT}] 2025-05-25 09:02:01,522 INFO [main][PropertySourcedRequestMappingHandlerMapping.java:69] - Mapped URL path [/v2/api-docs] onto method [public org.springframework.http.ResponseEntity<springfox.documentation.spring.web.json.Json> springfox.documentation.swagger2.web.Swagger2Controller.getDocumentation(java.lang.String,javax.servlet.http.HttpServletRequest)]
[${project.name}][${env:SERVER_PORT}] 2025-05-25 09:02:01,664 INFO [main][ExecutorConfigurationSupport.java:171] - Initializing ExecutorService 'applicationTaskExecutor'
[${project.name}][${env:SERVER_PORT}] 2025-05-25 09:02:02,027 INFO [main][DocumentationPluginsBootstrapper.java:160] - Context refreshed
[${project.name}][${env:SERVER_PORT}] 2025-05-25 09:02:02,050 INFO [main][DocumentationPluginsBootstrapper.java:163] - Found 1 custom documentation plugin(s)
[${project.name}][${env:SERVER_PORT}] 2025-05-25 09:02:02,084 INFO [main][ApiListingReferenceScanner.java:41] - Scanning for api listing references
[${project.name}][${env:SERVER_PORT}] 2025-05-25 09:02:02,230 INFO [main][DirectJDKLog.java:173] - Starting ProtocolHandler ["http-nio-56085"]
[${project.name}][${env:SERVER_PORT}] 2025-05-25 09:02:02,264 INFO [main][TomcatWebServer.java:204] - Tomcat started on port(s): 56085 (http) with context path '/sailing'
[${project.name}][${env:SERVER_PORT}] 2025-05-25 09:02:02,266 INFO [main][StartupInfoLogger.java:59] - Started SailingBootstrap in 3.456 seconds (JVM running for 5.144)
[${project.name}][${env:SERVER_PORT}] 2025-05-25 09:02:03,470 INFO [RMI TCP Connection(3)-192.168.2.124][DirectJDKLog.java:173] - Initializing Spring DispatcherServlet 'dispatcherServlet'
[${project.name}][${env:SERVER_PORT}] 2025-05-25 09:02:03,471 INFO [RMI TCP Connection(3)-192.168.2.124][FrameworkServlet.java:524] - Initializing Servlet 'dispatcherServlet'
[${project.name}][${env:SERVER_PORT}] 2025-05-25 09:02:03,481 INFO [RMI TCP Connection(3)-192.168.2.124][FrameworkServlet.java:546] - Completed initialization in 9 ms
[${project.name}][${env:SERVER_PORT}] 2025-05-25 09:02:03,608 INFO [RMI TCP Connection(2)-192.168.2.124][EpollProvider.java:68] - Starting without optional epoll library
[${project.name}][${env:SERVER_PORT}] 2025-05-25 09:02:03,610 INFO [RMI TCP Connection(2)-192.168.2.124][KqueueProvider.java:70] - Starting without optional kqueue library
[${project.name}][${env:SERVER_PORT}] 2025-05-25 09:03:16,669 INFO [http-nio-56085-exec-1][QCloudSmsService.java:55] - 给手机号：16018886662 发送验证码：506153
[${project.name}][${env:SERVER_PORT}] 2025-05-25 09:23:36,946 INFO [http-nio-56085-exec-5][QCloudSmsService.java:55] - 给手机号：160188866621 发送验证码：324241
[${project.name}][${env:SERVER_PORT}] 2025-05-25 09:28:57,935 INFO [http-nio-56085-exec-8][QCloudSmsService.java:55] - 给手机号：16018886667 发送验证码：373109
[${project.name}][${env:SERVER_PORT}] 2025-05-25 09:43:40,165 INFO [http-nio-56085-exec-1][QCloudSmsService.java:55] - 给手机号：188881234 发送验证码：891389
[${project.name}][${env:SERVER_PORT}] 2025-05-25 09:46:49,018 INFO [http-nio-56085-exec-5][QCloudSmsService.java:55] - 给手机号：188881234567 发送验证码：606989
