[${project.name}][${env:SERVER_PORT}] 2025-06-01 10:27:38,193 INFO [main][StartupInfoLogger.java:50] - Starting SailingBootstrap on lijun with PID 11280 (E:\sailing\target\classes started by Administrator in E:\sailing)
[${project.name}][${env:SERVER_PORT}] 2025-06-01 10:27:38,202 INFO [main][SpringApplication.java:675] - No active profile set, falling back to default profiles: default
[${project.name}][${env:SERVER_PORT}] 2025-06-01 10:27:40,278 INFO [main][RepositoryConfigurationDelegate.java:244] - Multiple Spring Data modules found, entering strict repository configuration mode!
[${project.name}][${env:SERVER_PORT}] 2025-06-01 10:27:40,284 INFO [main][RepositoryConfigurationDelegate.java:126] - Bootstrapping Spring Data repositories in DEFAULT mode.
[${project.name}][${env:SERVER_PORT}] 2025-06-01 10:27:40,337 INFO [main][RepositoryConfigurationDelegate.java:182] - Finished Spring Data repository scanning in 28ms. Found 0 repository interfaces.
[${project.name}][${env:SERVER_PORT}] 2025-06-01 10:27:41,414 INFO [main][TomcatWebServer.java:90] - Tomcat initialized with port(s): 56085 (http)
[${project.name}][${env:SERVER_PORT}] 2025-06-01 10:27:41,437 INFO [main][DirectJDKLog.java:173] - Initializing ProtocolHandler ["http-nio-56085"]
[${project.name}][${env:SERVER_PORT}] 2025-06-01 10:27:41,462 INFO [main][DirectJDKLog.java:173] - Starting service [Tomcat]
[${project.name}][${env:SERVER_PORT}] 2025-06-01 10:27:41,465 INFO [main][DirectJDKLog.java:173] - Starting Servlet engine: [Apache Tomcat/9.0.16]
[${project.name}][${env:SERVER_PORT}] 2025-06-01 10:27:41,552 INFO [main][DirectJDKLog.java:173] - The APR based Apache Tomcat Native library which allows optimal performance in production environments was not found on the java.library.path: [C:\Program Files\Java\jdk1.8.0_131\bin;C:\Windows\Sun\Java\bin;C:\Windows\system32;C:\Windows;C:\Program Files\Common Files\Oracle\Java\javapath;E:\product\11.2.0\dbhome_1\bin;C:/Program Files/Java/jdk-11.0.15\bin;C:\ProgramData\Oracle\Java\javapath;C:\Windows\system32;C:\Windows;C:\Windows\System32\Wbem;C:\Windows\System32\WindowsPowerShell\v1.0\;C:\Windows\System32\OpenSSH\;C:\Program Files (x86)\NVIDIA Corporation\PhysX\Common;C:\Program Files\NVIDIA Corporation\NVIDIA NvDLISR;D:\Program Files (x86)\MySQL\MySQL Server 5.5\bin;D:\apache-maven-3.8.2\bin;E:\otp\erl-23.3\bin;E:\ElasticS\node;E:\ElasticS\node\node_modules;D:\yarn\bin\;C:\web\huimin-web\node_modules\bin;C:\Program Files\MySQL\MySQL Server 5.5\bin;D:\Git\cmd;C:\Program Files\dotnet\;E:\redis;;C:\Program Files\Docker\Docker\resources\bin;C:\Users\Administrator\AppData\Local\Microsoft\WindowsApps;D:\Users\Administrator\AppData\Local\Programs\Microsoft VS Code\bin;C:\Users\Administrator\AppData\Roaming\npm;C:\Users\Administrator\AppData\Local\Yarn\bin;C:\Users\Administrator\AppData\Local\GitHubDesktop\bin;.]
[${project.name}][${env:SERVER_PORT}] 2025-06-01 10:27:41,776 INFO [main][DirectJDKLog.java:173] - Initializing Spring embedded WebApplicationContext
[${project.name}][${env:SERVER_PORT}] 2025-06-01 10:27:41,776 INFO [main][ServletWebServerApplicationContext.java:296] - Root WebApplicationContext: initialization completed in 3532 ms
[${project.name}][${env:SERVER_PORT}] 2025-06-01 10:27:43,245 INFO [main][EndpointLinksResolver.java:59] - Exposing 2 endpoint(s) beneath base path '/actuator'
[${project.name}][${env:SERVER_PORT}] 2025-06-01 10:27:43,348 INFO [main][PropertySourcedRequestMappingHandlerMapping.java:69] - Mapped URL path [/v2/api-docs] onto method [public org.springframework.http.ResponseEntity<springfox.documentation.spring.web.json.Json> springfox.documentation.swagger2.web.Swagger2Controller.getDocumentation(java.lang.String,javax.servlet.http.HttpServletRequest)]
[${project.name}][${env:SERVER_PORT}] 2025-06-01 10:27:43,550 INFO [main][ExecutorConfigurationSupport.java:171] - Initializing ExecutorService 'applicationTaskExecutor'
[${project.name}][${env:SERVER_PORT}] 2025-06-01 10:27:44,001 INFO [main][DocumentationPluginsBootstrapper.java:160] - Context refreshed
[${project.name}][${env:SERVER_PORT}] 2025-06-01 10:27:44,033 INFO [main][DocumentationPluginsBootstrapper.java:163] - Found 1 custom documentation plugin(s)
[${project.name}][${env:SERVER_PORT}] 2025-06-01 10:27:44,080 INFO [main][ApiListingReferenceScanner.java:41] - Scanning for api listing references
[${project.name}][${env:SERVER_PORT}] 2025-06-01 10:27:44,303 INFO [main][DirectJDKLog.java:173] - Starting ProtocolHandler ["http-nio-56085"]
[${project.name}][${env:SERVER_PORT}] 2025-06-01 10:27:44,347 INFO [main][TomcatWebServer.java:204] - Tomcat started on port(s): 56085 (http) with context path '/sailing'
[${project.name}][${env:SERVER_PORT}] 2025-06-01 10:27:44,353 INFO [main][StartupInfoLogger.java:59] - Started SailingBootstrap in 6.998 seconds (JVM running for 10.144)
[${project.name}][${env:SERVER_PORT}] 2025-06-01 10:27:45,399 INFO [RMI TCP Connection(1)-192.168.2.116][DirectJDKLog.java:173] - Initializing Spring DispatcherServlet 'dispatcherServlet'
[${project.name}][${env:SERVER_PORT}] 2025-06-01 10:27:45,399 INFO [RMI TCP Connection(1)-192.168.2.116][FrameworkServlet.java:524] - Initializing Servlet 'dispatcherServlet'
[${project.name}][${env:SERVER_PORT}] 2025-06-01 10:27:45,409 INFO [RMI TCP Connection(1)-192.168.2.116][FrameworkServlet.java:546] - Completed initialization in 8 ms
[${project.name}][${env:SERVER_PORT}] 2025-06-01 10:27:45,508 INFO [RMI TCP Connection(2)-192.168.2.116][EpollProvider.java:68] - Starting without optional epoll library
[${project.name}][${env:SERVER_PORT}] 2025-06-01 10:27:45,510 INFO [RMI TCP Connection(2)-192.168.2.116][KqueueProvider.java:70] - Starting without optional kqueue library
[${project.name}][${env:SERVER_PORT}] 2025-06-01 10:28:18,600 INFO [http-nio-56085-exec-1][QCloudSmsService.java:55] - 给手机号：15770899876 发送验证码：781286
[${project.name}][${env:SERVER_PORT}] 2025-06-01 10:42:19,850 INFO [http-nio-56085-exec-3][QCloudSmsService.java:55] - 给手机号：15770899877 发送验证码：232572
[${project.name}][${env:SERVER_PORT}] 2025-06-01 10:48:01,092 INFO [http-nio-56085-exec-4][QCloudSmsService.java:55] - 给手机号：15770899878 发送验证码：695741
