[${project.name}][${env:SERVER_PORT}] 2025-05-31 08:55:47,346 INFO [main][StartupInfoLogger.java:50] - Starting SailingBootstrap on lijun with PID 8868 (E:\sailing\target\classes started by Administrator in E:\sailing)
[${project.name}][${env:SERVER_PORT}] 2025-05-31 08:55:47,350 INFO [main][SpringApplication.java:675] - No active profile set, falling back to default profiles: default
[${project.name}][${env:SERVER_PORT}] 2025-05-31 08:55:47,874 INFO [main][RepositoryConfigurationDelegate.java:244] - Multiple Spring Data modules found, entering strict repository configuration mode!
[${project.name}][${env:SERVER_PORT}] 2025-05-31 08:55:47,876 INFO [main][RepositoryConfigurationDelegate.java:126] - Bootstrapping Spring Data repositories in DEFAULT mode.
[${project.name}][${env:SERVER_PORT}] 2025-05-31 08:55:47,898 INFO [main][RepositoryConfigurationDelegate.java:182] - Finished Spring Data repository scanning in 11ms. Found 0 repository interfaces.
[${project.name}][${env:SERVER_PORT}] 2025-05-31 08:55:48,186 INFO [main][TomcatWebServer.java:90] - Tomcat initialized with port(s): 56085 (http)
[${project.name}][${env:SERVER_PORT}] 2025-05-31 08:55:48,232 INFO [main][DirectJDKLog.java:173] - Initializing ProtocolHandler ["http-nio-56085"]
[${project.name}][${env:SERVER_PORT}] 2025-05-31 08:55:48,238 INFO [main][DirectJDKLog.java:173] - Starting service [Tomcat]
[${project.name}][${env:SERVER_PORT}] 2025-05-31 08:55:48,238 INFO [main][DirectJDKLog.java:173] - Starting Servlet engine: [Apache Tomcat/9.0.16]
[${project.name}][${env:SERVER_PORT}] 2025-05-31 08:55:48,243 INFO [main][DirectJDKLog.java:173] - The APR based Apache Tomcat Native library which allows optimal performance in production environments was not found on the java.library.path: [C:\Program Files\Java\jdk1.8.0_131\bin;C:\Windows\Sun\Java\bin;C:\Windows\system32;C:\Windows;C:\Program Files\Common Files\Oracle\Java\javapath;E:\product\11.2.0\dbhome_1\bin;C:/Program Files/Java/jdk-11.0.15\bin;C:\ProgramData\Oracle\Java\javapath;C:\Windows\system32;C:\Windows;C:\Windows\System32\Wbem;C:\Windows\System32\WindowsPowerShell\v1.0\;C:\Windows\System32\OpenSSH\;C:\Program Files (x86)\NVIDIA Corporation\PhysX\Common;C:\Program Files\NVIDIA Corporation\NVIDIA NvDLISR;D:\Program Files (x86)\MySQL\MySQL Server 5.5\bin;D:\apache-maven-3.8.2\bin;E:\otp\erl-23.3\bin;E:\ElasticS\node;E:\ElasticS\node\node_modules;D:\yarn\bin\;C:\web\huimin-web\node_modules\bin;C:\Program Files\MySQL\MySQL Server 5.5\bin;D:\Git\cmd;C:\Program Files\dotnet\;E:\redis;;C:\Program Files\Docker\Docker\resources\bin;C:\Users\Administrator\AppData\Local\Microsoft\WindowsApps;D:\Users\Administrator\AppData\Local\Programs\Microsoft VS Code\bin;C:\Users\Administrator\AppData\Roaming\npm;C:\Users\Administrator\AppData\Local\Yarn\bin;C:\Users\Administrator\AppData\Local\GitHubDesktop\bin;.]
[${project.name}][${env:SERVER_PORT}] 2025-05-31 08:55:48,310 INFO [main][DirectJDKLog.java:173] - Initializing Spring embedded WebApplicationContext
[${project.name}][${env:SERVER_PORT}] 2025-05-31 08:55:48,310 INFO [main][ServletWebServerApplicationContext.java:296] - Root WebApplicationContext: initialization completed in 943 ms
[${project.name}][${env:SERVER_PORT}] 2025-05-31 08:55:48,784 INFO [main][EndpointLinksResolver.java:59] - Exposing 2 endpoint(s) beneath base path '/actuator'
[${project.name}][${env:SERVER_PORT}] 2025-05-31 08:55:48,819 INFO [main][PropertySourcedRequestMappingHandlerMapping.java:69] - Mapped URL path [/v2/api-docs] onto method [public org.springframework.http.ResponseEntity<springfox.documentation.spring.web.json.Json> springfox.documentation.swagger2.web.Swagger2Controller.getDocumentation(java.lang.String,javax.servlet.http.HttpServletRequest)]
[${project.name}][${env:SERVER_PORT}] 2025-05-31 08:55:48,887 INFO [main][ExecutorConfigurationSupport.java:171] - Initializing ExecutorService 'applicationTaskExecutor'
[${project.name}][${env:SERVER_PORT}] 2025-05-31 08:55:49,058 INFO [main][DocumentationPluginsBootstrapper.java:160] - Context refreshed
[${project.name}][${env:SERVER_PORT}] 2025-05-31 08:55:49,070 INFO [main][DocumentationPluginsBootstrapper.java:163] - Found 1 custom documentation plugin(s)
[${project.name}][${env:SERVER_PORT}] 2025-05-31 08:55:49,088 INFO [main][ApiListingReferenceScanner.java:41] - Scanning for api listing references
[${project.name}][${env:SERVER_PORT}] 2025-05-31 08:55:49,172 INFO [main][DirectJDKLog.java:173] - Starting ProtocolHandler ["http-nio-56085"]
[${project.name}][${env:SERVER_PORT}] 2025-05-31 08:55:49,189 INFO [main][TomcatWebServer.java:204] - Tomcat started on port(s): 56085 (http) with context path '/sailing'
[${project.name}][${env:SERVER_PORT}] 2025-05-31 08:55:49,191 INFO [main][StartupInfoLogger.java:59] - Started SailingBootstrap in 2.054 seconds (JVM running for 3.275)
[${project.name}][${env:SERVER_PORT}] 2025-05-31 08:55:49,697 INFO [RMI TCP Connection(2)-192.168.2.116][DirectJDKLog.java:173] - Initializing Spring DispatcherServlet 'dispatcherServlet'
[${project.name}][${env:SERVER_PORT}] 2025-05-31 08:55:49,697 INFO [RMI TCP Connection(2)-192.168.2.116][FrameworkServlet.java:524] - Initializing Servlet 'dispatcherServlet'
[${project.name}][${env:SERVER_PORT}] 2025-05-31 08:55:49,704 INFO [RMI TCP Connection(2)-192.168.2.116][FrameworkServlet.java:546] - Completed initialization in 6 ms
[${project.name}][${env:SERVER_PORT}] 2025-05-31 08:55:49,777 INFO [RMI TCP Connection(1)-192.168.2.116][EpollProvider.java:68] - Starting without optional epoll library
[${project.name}][${env:SERVER_PORT}] 2025-05-31 08:55:49,778 INFO [RMI TCP Connection(1)-192.168.2.116][KqueueProvider.java:70] - Starting without optional kqueue library
[${project.name}][${env:SERVER_PORT}] 2025-05-31 08:56:44,621 INFO [http-nio-56085-exec-1][QCloudSmsService.java:55] - 给手机号：15770899870 发送验证码：882420
